CRITICAL - 2022-04-17 09:36:29 --> CodeIgniter\Config\Services::session(): Argument #1 ($config) must be of type ?Config\App, array given, called in C:\Users\Lenovo\Desktop\kejari-purwokerto\vendor\codeigniter4\framework\system\Config\BaseService.php on line 248
#0 C:\Users\Lenovo\Desktop\kejari-purwokerto\vendor\codeigniter4\framework\system\Config\BaseService.php(248): CodeIgniter\Config\Services::session(Array)
#1 C:\Users\Lenovo\Desktop\kejari-purwokerto\app\Controllers\Home.php(34): CodeIgniter\Config\BaseService::__callStatic('session', Array)
#2 C:\Users\Lenovo\Desktop\kejari-purwokerto\vendor\codeigniter4\framework\system\CodeIgniter.php(801): App\Controllers\Home->__construct()
#3 C:\Users\Lenovo\Desktop\kejari-purwokerto\vendor\codeigniter4\framework\system\CodeIgniter.php(401): CodeIgniter\CodeIgniter->createController()
#4 C:\Users\Lenovo\Desktop\kejari-purwokerto\vendor\codeigniter4\framework\system\CodeIgniter.php(318): CodeIgniter\CodeIgniter->handleRequest(NULL, Object(Config\Cache), false)
#5 C:\Users\Lenovo\Desktop\kejari-purwokerto\public\index.php(37): CodeIgniter\CodeIgniter->run()
#6 C:\Users\Lenovo\Desktop\kejari-purwokerto\vendor\codeigniter4\framework\system\Commands\Server\rewrite.php(43): require_once('C:\\Users\\Lenovo...')
#7 {main}
CRITICAL - 2022-04-17 09:42:31 --> Illegal offset type
#0 C:\Users\Lenovo\Desktop\kejari-purwokerto\app\Controllers\Home.php(34): CodeIgniter\Session\Session->set(Array)
#1 C:\Users\Lenovo\Desktop\kejari-purwokerto\vendor\codeigniter4\framework\system\CodeIgniter.php(801): App\Controllers\Home->__construct()
#2 C:\Users\Lenovo\Desktop\kejari-purwokerto\vendor\codeigniter4\framework\system\CodeIgniter.php(401): CodeIgniter\CodeIgniter->createController()
#3 C:\Users\Lenovo\Desktop\kejari-purwokerto\vendor\codeigniter4\framework\system\CodeIgniter.php(318): CodeIgniter\CodeIgniter->handleRequest(NULL, Object(Config\Cache), false)
#4 C:\Users\Lenovo\Desktop\kejari-purwokerto\public\index.php(37): CodeIgniter\CodeIgniter->run()
#5 C:\Users\Lenovo\Desktop\kejari-purwokerto\vendor\codeigniter4\framework\system\Commands\Server\rewrite.php(43): require_once('C:\\Users\\Lenovo...')
#6 {main}
CRITICAL - 2022-04-17 09:45:08 --> syntax error, unexpected variable "$_SESSION", expecting "("
#0 C:\Users\Lenovo\Desktop\kejari-purwokerto\vendor\codeigniter4\framework\system\View\View.php(217): CodeIgniter\View\View->CodeIgniter\View\{closure}()
#1 C:\Users\Lenovo\Desktop\kejari-purwokerto\vendor\codeigniter4\framework\system\View\View.php(230): CodeIgniter\View\View->render('layout/visitor_...', Array, true)
#2 C:\Users\Lenovo\Desktop\kejari-purwokerto\vendor\codeigniter4\framework\system\Common.php(1097): CodeIgniter\View\View->render('visitor/beranda', Array, true)
#3 C:\Users\Lenovo\Desktop\kejari-purwokerto\app\Controllers\Home.php(64): view('visitor/beranda', Array)
#4 C:\Users\Lenovo\Desktop\kejari-purwokerto\vendor\codeigniter4\framework\system\CodeIgniter.php(824): App\Controllers\Home->index()
#5 C:\Users\Lenovo\Desktop\kejari-purwokerto\vendor\codeigniter4\framework\system\CodeIgniter.php(410): CodeIgniter\CodeIgniter->runController(Object(App\Controllers\Home))
#6 C:\Users\Lenovo\Desktop\kejari-purwokerto\vendor\codeigniter4\framework\system\CodeIgniter.php(318): CodeIgniter\CodeIgniter->handleRequest(NULL, Object(Config\Cache), false)
#7 C:\Users\Lenovo\Desktop\kejari-purwokerto\public\index.php(37): CodeIgniter\CodeIgniter->run()
#8 C:\Users\Lenovo\Desktop\kejari-purwokerto\vendor\codeigniter4\framework\system\Commands\Server\rewrite.php(43): require_once('C:\\Users\\Lenovo...')
#9 {main}
CRITICAL - 2022-04-17 09:46:26 --> Undefined variable $title
#0 C:\Users\Lenovo\Desktop\kejari-purwokerto\app\Views\visitor\info_perkara\pidana_umum.php(11): CodeIgniter\Debug\Exceptions->errorHandler(2, 'Undefined varia...', 'C:\\Users\\Lenovo...', 11)
#1 C:\Users\Lenovo\Desktop\kejari-purwokerto\vendor\codeigniter4\framework\system\View\View.php(214): include('C:\\Users\\Lenovo...')
#2 C:\Users\Lenovo\Desktop\kejari-purwokerto\vendor\codeigniter4\framework\system\View\View.php(217): CodeIgniter\View\View->CodeIgniter\View\{closure}()
#3 C:\Users\Lenovo\Desktop\kejari-purwokerto\vendor\codeigniter4\framework\system\Common.php(1097): CodeIgniter\View\View->render('visitor/info_pe...', Array, true)
#4 C:\Users\Lenovo\Desktop\kejari-purwokerto\app\Controllers\Home.php(90): view('visitor/info_pe...', Array)
#5 C:\Users\Lenovo\Desktop\kejari-purwokerto\vendor\codeigniter4\framework\system\CodeIgniter.php(824): App\Controllers\Home->pidana_umum()
#6 C:\Users\Lenovo\Desktop\kejari-purwokerto\vendor\codeigniter4\framework\system\CodeIgniter.php(410): CodeIgniter\CodeIgniter->runController(Object(App\Controllers\Home))
#7 C:\Users\Lenovo\Desktop\kejari-purwokerto\vendor\codeigniter4\framework\system\CodeIgniter.php(318): CodeIgniter\CodeIgniter->handleRequest(NULL, Object(Config\Cache), false)
#8 C:\Users\Lenovo\Desktop\kejari-purwokerto\public\index.php(37): CodeIgniter\CodeIgniter->run()
#9 C:\Users\Lenovo\Desktop\kejari-purwokerto\vendor\codeigniter4\framework\system\Commands\Server\rewrite.php(43): require_once('C:\\Users\\Lenovo...')
#10 {main}
ERROR - 2022-04-17 21:28:57 --> Error connecting to the database: No connection could be made because the target machine actively refused it
CRITICAL - 2022-04-17 21:28:57 --> Unable to connect to the database.
Main connection [MySQLi]: No connection could be made because the target machine actively refused it
#0 C:\Users\Lenovo\Desktop\kejari-purwokerto\vendor\codeigniter4\framework\system\Database\BaseConnection.php(577): CodeIgniter\Database\BaseConnection->initialize()
#1 C:\Users\Lenovo\Desktop\kejari-purwokerto\vendor\codeigniter4\framework\system\Database\BaseBuilder.php(1443): CodeIgniter\Database\BaseConnection->query('SELECT *\nFROM `...', Array, false)
#2 C:\Users\Lenovo\Desktop\kejari-purwokerto\app\Models\navbarModel.php(34): CodeIgniter\Database\BaseBuilder->get()
#3 C:\Users\Lenovo\Desktop\kejari-purwokerto\app\Controllers\Home.php(29): App\Models\navbarModel->get_header()
#4 C:\Users\Lenovo\Desktop\kejari-purwokerto\vendor\codeigniter4\framework\system\CodeIgniter.php(801): App\Controllers\Home->__construct()
#5 C:\Users\Lenovo\Desktop\kejari-purwokerto\vendor\codeigniter4\framework\system\CodeIgniter.php(401): CodeIgniter\CodeIgniter->createController()
#6 C:\Users\Lenovo\Desktop\kejari-purwokerto\vendor\codeigniter4\framework\system\CodeIgniter.php(318): CodeIgniter\CodeIgniter->handleRequest(NULL, Object(Config\Cache), false)
#7 C:\Users\Lenovo\Desktop\kejari-purwokerto\public\index.php(37): CodeIgniter\CodeIgniter->run()
#8 C:\Users\Lenovo\Desktop\kejari-purwokerto\vendor\codeigniter4\framework\system\Commands\Server\rewrite.php(43): require_once('C:\\Users\\Lenovo...')
#9 {main}
ERROR - 2022-04-17 21:29:01 --> Error connecting to the database: No connection could be made because the target machine actively refused it
CRITICAL - 2022-04-17 21:29:01 --> Unable to connect to the database.
Main connection [MySQLi]: No connection could be made because the target machine actively refused it
#0 C:\Users\Lenovo\Desktop\kejari-purwokerto\vendor\codeigniter4\framework\system\Database\BaseConnection.php(577): CodeIgniter\Database\BaseConnection->initialize()
#1 C:\Users\Lenovo\Desktop\kejari-purwokerto\vendor\codeigniter4\framework\system\Database\BaseBuilder.php(1443): CodeIgniter\Database\BaseConnection->query('SELECT *\nFROM `...', Array, false)
#2 C:\Users\Lenovo\Desktop\kejari-purwokerto\app\Models\navbarModel.php(34): CodeIgniter\Database\BaseBuilder->get()
#3 C:\Users\Lenovo\Desktop\kejari-purwokerto\app\Controllers\Home.php(29): App\Models\navbarModel->get_header()
#4 C:\Users\Lenovo\Desktop\kejari-purwokerto\vendor\codeigniter4\framework\system\CodeIgniter.php(801): App\Controllers\Home->__construct()
#5 C:\Users\Lenovo\Desktop\kejari-purwokerto\vendor\codeigniter4\framework\system\CodeIgniter.php(401): CodeIgniter\CodeIgniter->createController()
#6 C:\Users\Lenovo\Desktop\kejari-purwokerto\vendor\codeigniter4\framework\system\CodeIgniter.php(318): CodeIgniter\CodeIgniter->handleRequest(NULL, Object(Config\Cache), false)
#7 C:\Users\Lenovo\Desktop\kejari-purwokerto\public\index.php(37): CodeIgniter\CodeIgniter->run()
#8 C:\Users\Lenovo\Desktop\kejari-purwokerto\vendor\codeigniter4\framework\system\Commands\Server\rewrite.php(43): require_once('C:\\Users\\Lenovo...')
#9 {main}
CRITICAL - 2022-04-17 22:11:47 --> Undefined array key "kategori"
#0 C:\Users\Lenovo\Desktop\kejari-purwokerto\app\Views\layout\visitor_template.php(141): CodeIgniter\Debug\Exceptions->errorHandler(2, 'Undefined array...', 'C:\\Users\\Lenovo...', 141)
#1 C:\Users\Lenovo\Desktop\kejari-purwokerto\vendor\codeigniter4\framework\system\View\View.php(214): include('C:\\Users\\Lenovo...')
#2 C:\Users\Lenovo\Desktop\kejari-purwokerto\vendor\codeigniter4\framework\system\View\View.php(217): CodeIgniter\View\View->CodeIgniter\View\{closure}()
#3 C:\Users\Lenovo\Desktop\kejari-purwokerto\vendor\codeigniter4\framework\system\View\View.php(230): CodeIgniter\View\View->render('layout/visitor_...', Array, true)
#4 C:\Users\Lenovo\Desktop\kejari-purwokerto\vendor\codeigniter4\framework\system\Common.php(1097): CodeIgniter\View\View->render('visitor/beranda', Array, true)
#5 C:\Users\Lenovo\Desktop\kejari-purwokerto\app\Controllers\Home.php(64): view('visitor/beranda', Array)
#6 C:\Users\Lenovo\Desktop\kejari-purwokerto\vendor\codeigniter4\framework\system\CodeIgniter.php(824): App\Controllers\Home->index()
#7 C:\Users\Lenovo\Desktop\kejari-purwokerto\vendor\codeigniter4\framework\system\CodeIgniter.php(410): CodeIgniter\CodeIgniter->runController(Object(App\Controllers\Home))
#8 C:\Users\Lenovo\Desktop\kejari-purwokerto\vendor\codeigniter4\framework\system\CodeIgniter.php(318): CodeIgniter\CodeIgniter->handleRequest(NULL, Object(Config\Cache), false)
#9 C:\Users\Lenovo\Desktop\kejari-purwokerto\public\index.php(37): CodeIgniter\CodeIgniter->run()
#10 C:\Users\Lenovo\Desktop\kejari-purwokerto\vendor\codeigniter4\framework\system\Commands\Server\rewrite.php(43): require_once('C:\\Users\\Lenovo...')
#11 {main}
CRITICAL - 2022-04-17 22:14:32 --> Array to string conversion
#0 C:\Users\Lenovo\Desktop\kejari-purwokerto\app\Views\visitor\profil\visi_misi.php(18): CodeIgniter\Debug\Exceptions->errorHandler(2, 'Array to string...', 'C:\\Users\\Lenovo...', 18)
#1 C:\Users\Lenovo\Desktop\kejari-purwokerto\vendor\codeigniter4\framework\system\View\View.php(214): include('C:\\Users\\Lenovo...')
#2 C:\Users\Lenovo\Desktop\kejari-purwokerto\vendor\codeigniter4\framework\system\View\View.php(217): CodeIgniter\View\View->CodeIgniter\View\{closure}()
#3 C:\Users\Lenovo\Desktop\kejari-purwokerto\vendor\codeigniter4\framework\system\Common.php(1097): CodeIgniter\View\View->render('visitor/profil/...', Array, true)
#4 C:\Users\Lenovo\Desktop\kejari-purwokerto\app\Controllers\Home.php(130): view('visitor/profil/...', Array)
#5 C:\Users\Lenovo\Desktop\kejari-purwokerto\vendor\codeigniter4\framework\system\CodeIgniter.php(824): App\Controllers\Home->visi_misi()
#6 C:\Users\Lenovo\Desktop\kejari-purwokerto\vendor\codeigniter4\framework\system\CodeIgniter.php(410): CodeIgniter\CodeIgniter->runController(Object(App\Controllers\Home))
#7 C:\Users\Lenovo\Desktop\kejari-purwokerto\vendor\codeigniter4\framework\system\CodeIgniter.php(318): CodeIgniter\CodeIgniter->handleRequest(NULL, Object(Config\Cache), false)
#8 C:\Users\Lenovo\Desktop\kejari-purwokerto\public\index.php(37): CodeIgniter\CodeIgniter->run()
#9 C:\Users\Lenovo\Desktop\kejari-purwokerto\vendor\codeigniter4\framework\system\Commands\Server\rewrite.php(43): require_once('C:\\Users\\Lenovo...')
#10 {main}
CRITICAL - 2022-04-17 22:45:31 --> Class "App\Models\pelayananModel" not found
#0 C:\Users\Lenovo\Desktop\kejari-purwokerto\vendor\codeigniter4\framework\system\CodeIgniter.php(801): App\Controllers\Modul->__construct()
#1 C:\Users\Lenovo\Desktop\kejari-purwokerto\vendor\codeigniter4\framework\system\CodeIgniter.php(401): CodeIgniter\CodeIgniter->createController()
#2 C:\Users\Lenovo\Desktop\kejari-purwokerto\vendor\codeigniter4\framework\system\CodeIgniter.php(318): CodeIgniter\CodeIgniter->handleRequest(NULL, Object(Config\Cache), false)
#3 C:\Users\Lenovo\Desktop\kejari-purwokerto\public\index.php(37): CodeIgniter\CodeIgniter->run()
#4 C:\Users\Lenovo\Desktop\kejari-purwokerto\vendor\codeigniter4\framework\system\Commands\Server\rewrite.php(43): require_once('C:\\Users\\Lenovo...')
#5 {main}
CRITICAL - 2022-04-17 22:45:34 --> Class "App\Models\pelayananModel" not found
#0 C:\Users\Lenovo\Desktop\kejari-purwokerto\vendor\codeigniter4\framework\system\CodeIgniter.php(801): App\Controllers\Modul->__construct()
#1 C:\Users\Lenovo\Desktop\kejari-purwokerto\vendor\codeigniter4\framework\system\CodeIgniter.php(401): CodeIgniter\CodeIgniter->createController()
#2 C:\Users\Lenovo\Desktop\kejari-purwokerto\vendor\codeigniter4\framework\system\CodeIgniter.php(318): CodeIgniter\CodeIgniter->handleRequest(NULL, Object(Config\Cache), false)
#3 C:\Users\Lenovo\Desktop\kejari-purwokerto\public\index.php(37): CodeIgniter\CodeIgniter->run()
#4 C:\Users\Lenovo\Desktop\kejari-purwokerto\vendor\codeigniter4\framework\system\Commands\Server\rewrite.php(43): require_once('C:\\Users\\Lenovo...')
#5 {main}
CRITICAL - 2022-04-17 22:48:53 --> Call to undefined method App\Models\agendaModel::datatablesPelayanan
#0 C:\Users\Lenovo\Desktop\kejari-purwokerto\app\Controllers\Modul.php(160): CodeIgniter\Model->__call('datatablesPelay...', Array)
#1 C:\Users\Lenovo\Desktop\kejari-purwokerto\vendor\codeigniter4\framework\system\CodeIgniter.php(824): App\Controllers\Modul->getPelayanan()
#2 C:\Users\Lenovo\Desktop\kejari-purwokerto\vendor\codeigniter4\framework\system\CodeIgniter.php(410): CodeIgniter\CodeIgniter->runController(Object(App\Controllers\Modul))
#3 C:\Users\Lenovo\Desktop\kejari-purwokerto\vendor\codeigniter4\framework\system\CodeIgniter.php(318): CodeIgniter\CodeIgniter->handleRequest(NULL, Object(Config\Cache), false)
#4 C:\Users\Lenovo\Desktop\kejari-purwokerto\public\index.php(37): CodeIgniter\CodeIgniter->run()
#5 C:\Users\Lenovo\Desktop\kejari-purwokerto\vendor\codeigniter4\framework\system\Commands\Server\rewrite.php(43): require_once('C:\\Users\\Lenovo...')
#6 {main}
CRITICAL - 2022-04-17 22:49:05 --> Call to undefined method App\Models\agendaModel::datatablesPelayanan
#0 C:\Users\Lenovo\Desktop\kejari-purwokerto\app\Controllers\Modul.php(160): CodeIgniter\Model->__call('datatablesPelay...', Array)
#1 C:\Users\Lenovo\Desktop\kejari-purwokerto\vendor\codeigniter4\framework\system\CodeIgniter.php(824): App\Controllers\Modul->getPelayanan()
#2 C:\Users\Lenovo\Desktop\kejari-purwokerto\vendor\codeigniter4\framework\system\CodeIgniter.php(410): CodeIgniter\CodeIgniter->runController(Object(App\Controllers\Modul))
#3 C:\Users\Lenovo\Desktop\kejari-purwokerto\vendor\codeigniter4\framework\system\CodeIgniter.php(318): CodeIgniter\CodeIgniter->handleRequest(NULL, Object(Config\Cache), false)
#4 C:\Users\Lenovo\Desktop\kejari-purwokerto\public\index.php(37): CodeIgniter\CodeIgniter->run()
#5 C:\Users\Lenovo\Desktop\kejari-purwokerto\vendor\codeigniter4\framework\system\Commands\Server\rewrite.php(43): require_once('C:\\Users\\Lenovo...')
#6 {main}
CRITICAL - 2022-04-17 23:38:03 --> Call to a member function getRandomName() on null
#0 C:\Users\Lenovo\Desktop\kejari-purwokerto\vendor\codeigniter4\framework\system\CodeIgniter.php(824): App\Controllers\Modul->tambah_pelayanan()
#1 C:\Users\Lenovo\Desktop\kejari-purwokerto\vendor\codeigniter4\framework\system\CodeIgniter.php(410): CodeIgniter\CodeIgniter->runController(Object(App\Controllers\Modul))
#2 C:\Users\Lenovo\Desktop\kejari-purwokerto\vendor\codeigniter4\framework\system\CodeIgniter.php(318): CodeIgniter\CodeIgniter->handleRequest(NULL, Object(Config\Cache), false)
#3 C:\Users\Lenovo\Desktop\kejari-purwokerto\public\index.php(37): CodeIgniter\CodeIgniter->run()
#4 C:\Users\Lenovo\Desktop\kejari-purwokerto\vendor\codeigniter4\framework\system\Commands\Server\rewrite.php(43): require_once('C:\\Users\\Lenovo...')
#5 {main}
CRITICAL - 2022-04-17 23:38:08 --> Call to a member function getRandomName() on null
#0 C:\Users\Lenovo\Desktop\kejari-purwokerto\vendor\codeigniter4\framework\system\CodeIgniter.php(824): App\Controllers\Modul->tambah_pelayanan()
#1 C:\Users\Lenovo\Desktop\kejari-purwokerto\vendor\codeigniter4\framework\system\CodeIgniter.php(410): CodeIgniter\CodeIgniter->runController(Object(App\Controllers\Modul))
#2 C:\Users\Lenovo\Desktop\kejari-purwokerto\vendor\codeigniter4\framework\system\CodeIgniter.php(318): CodeIgniter\CodeIgniter->handleRequest(NULL, Object(Config\Cache), false)
#3 C:\Users\Lenovo\Desktop\kejari-purwokerto\public\index.php(37): CodeIgniter\CodeIgniter->run()
#4 C:\Users\Lenovo\Desktop\kejari-purwokerto\vendor\codeigniter4\framework\system\Commands\Server\rewrite.php(43): require_once('C:\\Users\\Lenovo...')
#5 {main}
CRITICAL - 2022-04-17 23:45:18 --> unlink(img_pelayanan/1650256787_e639aad88095f5f2c34a.png): No such file or directory
#0 [internal function]: CodeIgniter\Debug\Exceptions->errorHandler(2, 'unlink(img_pela...', 'C:\\Users\\Lenovo...', 53)
#1 C:\Users\Lenovo\Desktop\kejari-purwokerto\app\Controllers\Modul.php(53): unlink('img_pelayanan/1...')
#2 C:\Users\Lenovo\Desktop\kejari-purwokerto\vendor\codeigniter4\framework\system\CodeIgniter.php(824): App\Controllers\Modul->del_pelayanan('2')
#3 C:\Users\Lenovo\Desktop\kejari-purwokerto\vendor\codeigniter4\framework\system\CodeIgniter.php(410): CodeIgniter\CodeIgniter->runController(Object(App\Controllers\Modul))
#4 C:\Users\Lenovo\Desktop\kejari-purwokerto\vendor\codeigniter4\framework\system\CodeIgniter.php(318): CodeIgniter\CodeIgniter->handleRequest(NULL, Object(Config\Cache), false)
#5 C:\Users\Lenovo\Desktop\kejari-purwokerto\public\index.php(37): CodeIgniter\CodeIgniter->run()
#6 C:\Users\Lenovo\Desktop\kejari-purwokerto\vendor\codeigniter4\framework\system\Commands\Server\rewrite.php(43): require_once('C:\\Users\\Lenovo...')
#7 {main}
