CRITICAL - 2022-04-10 23:45:19 --> Invalid file: layout/template_login.php
#0 C:\Users\Lenovo\Desktop\kejari-purwokerto\vendor\codeigniter4\framework\system\View\View.php(198): CodeIgniter\Exceptions\FrameworkException::forInvalidFile('layout/template...')
#1 C:\Users\Lenovo\Desktop\kejari-purwokerto\vendor\codeigniter4\framework\system\View\View.php(230): CodeIgniter\View\View->render('layout/template...', Array, true)
#2 C:\Users\Lenovo\Desktop\kejari-purwokerto\vendor\codeigniter4\framework\system\Common.php(1097): CodeIgniter\View\View->render('auth/login', Array, true)
#3 C:\Users\Lenovo\Desktop\kejari-purwokerto\app\Controllers\Home.php(9): view('auth/login')
#4 C:\Users\Lenovo\Desktop\kejari-purwokerto\vendor\codeigniter4\framework\system\CodeIgniter.php(824): App\Controllers\Home->index()
#5 C:\Users\Lenovo\Desktop\kejari-purwokerto\vendor\codeigniter4\framework\system\CodeIgniter.php(410): CodeIgniter\CodeIgniter->runController(Object(App\Controllers\Home))
#6 C:\Users\Lenovo\Desktop\kejari-purwokerto\vendor\codeigniter4\framework\system\CodeIgniter.php(318): CodeIgniter\CodeIgniter->handleRequest(NULL, Object(Config\Cache), false)
#7 C:\Users\Lenovo\Desktop\kejari-purwokerto\public\index.php(37): CodeIgniter\CodeIgniter->run()
#8 C:\Users\Lenovo\Desktop\kejari-purwokerto\vendor\codeigniter4\framework\system\Commands\Server\rewrite.php(43): require_once('C:\\Users\\Lenovo...')
#9 {main}
CRITICAL - 2022-04-10 23:45:19 --> Invalid file: layout/template_login.php
#0 C:\Users\Lenovo\Desktop\kejari-purwokerto\vendor\codeigniter4\framework\system\View\View.php(198): CodeIgniter\Exceptions\FrameworkException::forInvalidFile('layout/template...')
#1 C:\Users\Lenovo\Desktop\kejari-purwokerto\vendor\codeigniter4\framework\system\View\View.php(230): CodeIgniter\View\View->render('layout/template...', Array, true)
#2 C:\Users\Lenovo\Desktop\kejari-purwokerto\vendor\codeigniter4\framework\system\Common.php(1097): CodeIgniter\View\View->render('auth/login', Array, true)
#3 C:\Users\Lenovo\Desktop\kejari-purwokerto\app\Controllers\Home.php(9): view('auth/login')
#4 C:\Users\Lenovo\Desktop\kejari-purwokerto\vendor\codeigniter4\framework\system\CodeIgniter.php(824): App\Controllers\Home->index()
#5 C:\Users\Lenovo\Desktop\kejari-purwokerto\vendor\codeigniter4\framework\system\CodeIgniter.php(410): CodeIgniter\CodeIgniter->runController(Object(App\Controllers\Home))
#6 C:\Users\Lenovo\Desktop\kejari-purwokerto\vendor\codeigniter4\framework\system\CodeIgniter.php(318): CodeIgniter\CodeIgniter->handleRequest(NULL, Object(Config\Cache), false)
#7 C:\Users\Lenovo\Desktop\kejari-purwokerto\public\index.php(37): CodeIgniter\CodeIgniter->run()
#8 C:\Users\Lenovo\Desktop\kejari-purwokerto\vendor\codeigniter4\framework\system\Commands\Server\rewrite.php(43): require_once('C:\\Users\\Lenovo...')
#9 {main}
CRITICAL - 2022-04-10 23:45:35 --> Invalid file: layout/template_login.php
#0 C:\Users\Lenovo\Desktop\kejari-purwokerto\vendor\codeigniter4\framework\system\View\View.php(198): CodeIgniter\Exceptions\FrameworkException::forInvalidFile('layout/template...')
#1 C:\Users\Lenovo\Desktop\kejari-purwokerto\vendor\codeigniter4\framework\system\View\View.php(230): CodeIgniter\View\View->render('layout/template...', Array, true)
#2 C:\Users\Lenovo\Desktop\kejari-purwokerto\vendor\codeigniter4\framework\system\Common.php(1097): CodeIgniter\View\View->render('auth/login', Array, true)
#3 C:\Users\Lenovo\Desktop\kejari-purwokerto\app\Controllers\Home.php(9): view('auth/login')
#4 C:\Users\Lenovo\Desktop\kejari-purwokerto\vendor\codeigniter4\framework\system\CodeIgniter.php(824): App\Controllers\Home->index()
#5 C:\Users\Lenovo\Desktop\kejari-purwokerto\vendor\codeigniter4\framework\system\CodeIgniter.php(410): CodeIgniter\CodeIgniter->runController(Object(App\Controllers\Home))
#6 C:\Users\Lenovo\Desktop\kejari-purwokerto\vendor\codeigniter4\framework\system\CodeIgniter.php(318): CodeIgniter\CodeIgniter->handleRequest(NULL, Object(Config\Cache), false)
#7 C:\Users\Lenovo\Desktop\kejari-purwokerto\public\index.php(37): CodeIgniter\CodeIgniter->run()
#8 C:\Users\Lenovo\Desktop\kejari-purwokerto\vendor\codeigniter4\framework\system\Commands\Server\rewrite.php(43): require_once('C:\\Users\\Lenovo...')
#9 {main}
CRITICAL - 2022-04-10 23:45:40 --> Invalid file: layout/template_login.php
#0 C:\Users\Lenovo\Desktop\kejari-purwokerto\vendor\codeigniter4\framework\system\View\View.php(198): CodeIgniter\Exceptions\FrameworkException::forInvalidFile('layout/template...')
#1 C:\Users\Lenovo\Desktop\kejari-purwokerto\vendor\codeigniter4\framework\system\View\View.php(230): CodeIgniter\View\View->render('layout/template...', Array, true)
#2 C:\Users\Lenovo\Desktop\kejari-purwokerto\vendor\codeigniter4\framework\system\Common.php(1097): CodeIgniter\View\View->render('auth/login', Array, true)
#3 C:\Users\Lenovo\Desktop\kejari-purwokerto\app\Controllers\Home.php(9): view('auth/login')
#4 C:\Users\Lenovo\Desktop\kejari-purwokerto\vendor\codeigniter4\framework\system\CodeIgniter.php(824): App\Controllers\Home->index()
#5 C:\Users\Lenovo\Desktop\kejari-purwokerto\vendor\codeigniter4\framework\system\CodeIgniter.php(410): CodeIgniter\CodeIgniter->runController(Object(App\Controllers\Home))
#6 C:\Users\Lenovo\Desktop\kejari-purwokerto\vendor\codeigniter4\framework\system\CodeIgniter.php(318): CodeIgniter\CodeIgniter->handleRequest(NULL, Object(Config\Cache), false)
#7 C:\Users\Lenovo\Desktop\kejari-purwokerto\public\index.php(37): CodeIgniter\CodeIgniter->run()
#8 C:\Users\Lenovo\Desktop\kejari-purwokerto\vendor\codeigniter4\framework\system\Commands\Server\rewrite.php(43): require_once('C:\\Users\\Lenovo...')
#9 {main}
CRITICAL - 2022-04-10 23:45:45 --> Invalid file: layout/template_login.php
#0 C:\Users\Lenovo\Desktop\kejari-purwokerto\vendor\codeigniter4\framework\system\View\View.php(198): CodeIgniter\Exceptions\FrameworkException::forInvalidFile('layout/template...')
#1 C:\Users\Lenovo\Desktop\kejari-purwokerto\vendor\codeigniter4\framework\system\View\View.php(230): CodeIgniter\View\View->render('layout/template...', Array, true)
#2 C:\Users\Lenovo\Desktop\kejari-purwokerto\vendor\codeigniter4\framework\system\Common.php(1097): CodeIgniter\View\View->render('auth/login', Array, true)
#3 C:\Users\Lenovo\Desktop\kejari-purwokerto\app\Controllers\Home.php(9): view('auth/login')
#4 C:\Users\Lenovo\Desktop\kejari-purwokerto\vendor\codeigniter4\framework\system\CodeIgniter.php(824): App\Controllers\Home->index()
#5 C:\Users\Lenovo\Desktop\kejari-purwokerto\vendor\codeigniter4\framework\system\CodeIgniter.php(410): CodeIgniter\CodeIgniter->runController(Object(App\Controllers\Home))
#6 C:\Users\Lenovo\Desktop\kejari-purwokerto\vendor\codeigniter4\framework\system\CodeIgniter.php(318): CodeIgniter\CodeIgniter->handleRequest(NULL, Object(Config\Cache), false)
#7 C:\Users\Lenovo\Desktop\kejari-purwokerto\public\index.php(37): CodeIgniter\CodeIgniter->run()
#8 C:\Users\Lenovo\Desktop\kejari-purwokerto\vendor\codeigniter4\framework\system\Commands\Server\rewrite.php(43): require_once('C:\\Users\\Lenovo...')
#9 {main}
CRITICAL - 2022-04-10 23:45:45 --> Invalid file: layout/template_login.php
#0 C:\Users\Lenovo\Desktop\kejari-purwokerto\vendor\codeigniter4\framework\system\View\View.php(198): CodeIgniter\Exceptions\FrameworkException::forInvalidFile('layout/template...')
#1 C:\Users\Lenovo\Desktop\kejari-purwokerto\vendor\codeigniter4\framework\system\View\View.php(230): CodeIgniter\View\View->render('layout/template...', Array, true)
#2 C:\Users\Lenovo\Desktop\kejari-purwokerto\vendor\codeigniter4\framework\system\Common.php(1097): CodeIgniter\View\View->render('auth/login', Array, true)
#3 C:\Users\Lenovo\Desktop\kejari-purwokerto\app\Controllers\Home.php(9): view('auth/login')
#4 C:\Users\Lenovo\Desktop\kejari-purwokerto\vendor\codeigniter4\framework\system\CodeIgniter.php(824): App\Controllers\Home->index()
#5 C:\Users\Lenovo\Desktop\kejari-purwokerto\vendor\codeigniter4\framework\system\CodeIgniter.php(410): CodeIgniter\CodeIgniter->runController(Object(App\Controllers\Home))
#6 C:\Users\Lenovo\Desktop\kejari-purwokerto\vendor\codeigniter4\framework\system\CodeIgniter.php(318): CodeIgniter\CodeIgniter->handleRequest(NULL, Object(Config\Cache), false)
#7 C:\Users\Lenovo\Desktop\kejari-purwokerto\public\index.php(37): CodeIgniter\CodeIgniter->run()
#8 C:\Users\Lenovo\Desktop\kejari-purwokerto\vendor\codeigniter4\framework\system\Commands\Server\rewrite.php(43): require_once('C:\\Users\\Lenovo...')
#9 {main}
CRITICAL - 2022-04-10 23:45:47 --> Invalid file: layout/template_login.php
#0 C:\Users\Lenovo\Desktop\kejari-purwokerto\vendor\codeigniter4\framework\system\View\View.php(198): CodeIgniter\Exceptions\FrameworkException::forInvalidFile('layout/template...')
#1 C:\Users\Lenovo\Desktop\kejari-purwokerto\vendor\codeigniter4\framework\system\View\View.php(230): CodeIgniter\View\View->render('layout/template...', Array, true)
#2 C:\Users\Lenovo\Desktop\kejari-purwokerto\vendor\codeigniter4\framework\system\Common.php(1097): CodeIgniter\View\View->render('auth/login', Array, true)
#3 C:\Users\Lenovo\Desktop\kejari-purwokerto\app\Controllers\Home.php(9): view('auth/login')
#4 C:\Users\Lenovo\Desktop\kejari-purwokerto\vendor\codeigniter4\framework\system\CodeIgniter.php(824): App\Controllers\Home->index()
#5 C:\Users\Lenovo\Desktop\kejari-purwokerto\vendor\codeigniter4\framework\system\CodeIgniter.php(410): CodeIgniter\CodeIgniter->runController(Object(App\Controllers\Home))
#6 C:\Users\Lenovo\Desktop\kejari-purwokerto\vendor\codeigniter4\framework\system\CodeIgniter.php(318): CodeIgniter\CodeIgniter->handleRequest(NULL, Object(Config\Cache), false)
#7 C:\Users\Lenovo\Desktop\kejari-purwokerto\public\index.php(37): CodeIgniter\CodeIgniter->run()
#8 C:\Users\Lenovo\Desktop\kejari-purwokerto\vendor\codeigniter4\framework\system\Commands\Server\rewrite.php(43): require_once('C:\\Users\\Lenovo...')
#9 {main}
CRITICAL - 2022-04-10 23:46:17 --> Invalid file: layout/template_login.php
#0 C:\Users\Lenovo\Desktop\kejari-purwokerto\vendor\codeigniter4\framework\system\View\View.php(198): CodeIgniter\Exceptions\FrameworkException::forInvalidFile('layout/template...')
#1 C:\Users\Lenovo\Desktop\kejari-purwokerto\vendor\codeigniter4\framework\system\View\View.php(230): CodeIgniter\View\View->render('layout/template...', Array, true)
#2 C:\Users\Lenovo\Desktop\kejari-purwokerto\vendor\codeigniter4\framework\system\Common.php(1097): CodeIgniter\View\View->render('auth/login', Array, true)
#3 C:\Users\Lenovo\Desktop\kejari-purwokerto\app\Controllers\Home.php(12): view('auth/login', Array)
#4 C:\Users\Lenovo\Desktop\kejari-purwokerto\vendor\codeigniter4\framework\system\CodeIgniter.php(824): App\Controllers\Home->index()
#5 C:\Users\Lenovo\Desktop\kejari-purwokerto\vendor\codeigniter4\framework\system\CodeIgniter.php(410): CodeIgniter\CodeIgniter->runController(Object(App\Controllers\Home))
#6 C:\Users\Lenovo\Desktop\kejari-purwokerto\vendor\codeigniter4\framework\system\CodeIgniter.php(318): CodeIgniter\CodeIgniter->handleRequest(NULL, Object(Config\Cache), false)
#7 C:\Users\Lenovo\Desktop\kejari-purwokerto\public\index.php(37): CodeIgniter\CodeIgniter->run()
#8 C:\Users\Lenovo\Desktop\kejari-purwokerto\vendor\codeigniter4\framework\system\Commands\Server\rewrite.php(43): require_once('C:\\Users\\Lenovo...')
#9 {main}
CRITICAL - 2022-04-10 23:46:18 --> Invalid file: layout/template_login.php
#0 C:\Users\Lenovo\Desktop\kejari-purwokerto\vendor\codeigniter4\framework\system\View\View.php(198): CodeIgniter\Exceptions\FrameworkException::forInvalidFile('layout/template...')
#1 C:\Users\Lenovo\Desktop\kejari-purwokerto\vendor\codeigniter4\framework\system\View\View.php(230): CodeIgniter\View\View->render('layout/template...', Array, true)
#2 C:\Users\Lenovo\Desktop\kejari-purwokerto\vendor\codeigniter4\framework\system\Common.php(1097): CodeIgniter\View\View->render('auth/login', Array, true)
#3 C:\Users\Lenovo\Desktop\kejari-purwokerto\app\Controllers\Home.php(12): view('auth/login', Array)
#4 C:\Users\Lenovo\Desktop\kejari-purwokerto\vendor\codeigniter4\framework\system\CodeIgniter.php(824): App\Controllers\Home->index()
#5 C:\Users\Lenovo\Desktop\kejari-purwokerto\vendor\codeigniter4\framework\system\CodeIgniter.php(410): CodeIgniter\CodeIgniter->runController(Object(App\Controllers\Home))
#6 C:\Users\Lenovo\Desktop\kejari-purwokerto\vendor\codeigniter4\framework\system\CodeIgniter.php(318): CodeIgniter\CodeIgniter->handleRequest(NULL, Object(Config\Cache), false)
#7 C:\Users\Lenovo\Desktop\kejari-purwokerto\public\index.php(37): CodeIgniter\CodeIgniter->run()
#8 C:\Users\Lenovo\Desktop\kejari-purwokerto\vendor\codeigniter4\framework\system\Commands\Server\rewrite.php(43): require_once('C:\\Users\\Lenovo...')
#9 {main}
CRITICAL - 2022-04-10 23:46:23 --> Invalid file: layout/template_login.php
#0 C:\Users\Lenovo\Desktop\kejari-purwokerto\vendor\codeigniter4\framework\system\View\View.php(198): CodeIgniter\Exceptions\FrameworkException::forInvalidFile('layout/template...')
#1 C:\Users\Lenovo\Desktop\kejari-purwokerto\vendor\codeigniter4\framework\system\View\View.php(230): CodeIgniter\View\View->render('layout/template...', Array, true)
#2 C:\Users\Lenovo\Desktop\kejari-purwokerto\vendor\codeigniter4\framework\system\Common.php(1097): CodeIgniter\View\View->render('auth/login', Array, true)
#3 C:\Users\Lenovo\Desktop\kejari-purwokerto\app\Controllers\Home.php(12): view('auth/login', Array)
#4 C:\Users\Lenovo\Desktop\kejari-purwokerto\vendor\codeigniter4\framework\system\CodeIgniter.php(824): App\Controllers\Home->index()
#5 C:\Users\Lenovo\Desktop\kejari-purwokerto\vendor\codeigniter4\framework\system\CodeIgniter.php(410): CodeIgniter\CodeIgniter->runController(Object(App\Controllers\Home))
#6 C:\Users\Lenovo\Desktop\kejari-purwokerto\vendor\codeigniter4\framework\system\CodeIgniter.php(318): CodeIgniter\CodeIgniter->handleRequest(NULL, Object(Config\Cache), false)
#7 C:\Users\Lenovo\Desktop\kejari-purwokerto\public\index.php(37): CodeIgniter\CodeIgniter->run()
#8 C:\Users\Lenovo\Desktop\kejari-purwokerto\vendor\codeigniter4\framework\system\Commands\Server\rewrite.php(43): require_once('C:\\Users\\Lenovo...')
#9 {main}
CRITICAL - 2022-04-10 23:47:16 --> Invalid file: layout/template_login.php
#0 C:\Users\Lenovo\Desktop\kejari-purwokerto\vendor\codeigniter4\framework\system\View\View.php(198): CodeIgniter\Exceptions\FrameworkException::forInvalidFile('layout/template...')
#1 C:\Users\Lenovo\Desktop\kejari-purwokerto\vendor\codeigniter4\framework\system\View\View.php(230): CodeIgniter\View\View->render('layout/template...', Array, true)
#2 C:\Users\Lenovo\Desktop\kejari-purwokerto\vendor\codeigniter4\framework\system\Common.php(1097): CodeIgniter\View\View->render('auth/login', Array, true)
#3 C:\Users\Lenovo\Desktop\kejari-purwokerto\app\Controllers\Home.php(12): view('auth/login', Array)
#4 C:\Users\Lenovo\Desktop\kejari-purwokerto\vendor\codeigniter4\framework\system\CodeIgniter.php(824): App\Controllers\Home->index()
#5 C:\Users\Lenovo\Desktop\kejari-purwokerto\vendor\codeigniter4\framework\system\CodeIgniter.php(410): CodeIgniter\CodeIgniter->runController(Object(App\Controllers\Home))
#6 C:\Users\Lenovo\Desktop\kejari-purwokerto\vendor\codeigniter4\framework\system\CodeIgniter.php(318): CodeIgniter\CodeIgniter->handleRequest(NULL, Object(Config\Cache), false)
#7 C:\Users\Lenovo\Desktop\kejari-purwokerto\public\index.php(37): CodeIgniter\CodeIgniter->run()
#8 C:\Users\Lenovo\Desktop\kejari-purwokerto\vendor\codeigniter4\framework\system\Commands\Server\rewrite.php(43): require_once('C:\\Users\\Lenovo...')
#9 {main}
CRITICAL - 2022-04-10 23:47:18 --> Invalid file: layout/template_login.php
#0 C:\Users\Lenovo\Desktop\kejari-purwokerto\vendor\codeigniter4\framework\system\View\View.php(198): CodeIgniter\Exceptions\FrameworkException::forInvalidFile('layout/template...')
#1 C:\Users\Lenovo\Desktop\kejari-purwokerto\vendor\codeigniter4\framework\system\View\View.php(230): CodeIgniter\View\View->render('layout/template...', Array, true)
#2 C:\Users\Lenovo\Desktop\kejari-purwokerto\vendor\codeigniter4\framework\system\Common.php(1097): CodeIgniter\View\View->render('auth/login', Array, true)
#3 C:\Users\Lenovo\Desktop\kejari-purwokerto\app\Controllers\Home.php(12): view('auth/login', Array)
#4 C:\Users\Lenovo\Desktop\kejari-purwokerto\vendor\codeigniter4\framework\system\CodeIgniter.php(824): App\Controllers\Home->index()
#5 C:\Users\Lenovo\Desktop\kejari-purwokerto\vendor\codeigniter4\framework\system\CodeIgniter.php(410): CodeIgniter\CodeIgniter->runController(Object(App\Controllers\Home))
#6 C:\Users\Lenovo\Desktop\kejari-purwokerto\vendor\codeigniter4\framework\system\CodeIgniter.php(318): CodeIgniter\CodeIgniter->handleRequest(NULL, Object(Config\Cache), false)
#7 C:\Users\Lenovo\Desktop\kejari-purwokerto\public\index.php(37): CodeIgniter\CodeIgniter->run()
#8 C:\Users\Lenovo\Desktop\kejari-purwokerto\vendor\codeigniter4\framework\system\Commands\Server\rewrite.php(43): require_once('C:\\Users\\Lenovo...')
#9 {main}
CRITICAL - 2022-04-10 23:48:02 --> Invalid file: layout/template_login.php
#0 C:\Users\Lenovo\Desktop\kejari-purwokerto\vendor\codeigniter4\framework\system\View\View.php(198): CodeIgniter\Exceptions\FrameworkException::forInvalidFile('layout/template...')
#1 C:\Users\Lenovo\Desktop\kejari-purwokerto\vendor\codeigniter4\framework\system\View\View.php(230): CodeIgniter\View\View->render('layout/template...', Array, true)
#2 C:\Users\Lenovo\Desktop\kejari-purwokerto\vendor\codeigniter4\framework\system\Common.php(1097): CodeIgniter\View\View->render('auth/login', Array, true)
#3 C:\Users\Lenovo\Desktop\kejari-purwokerto\app\Controllers\Home.php(12): view('auth/login', Array)
#4 C:\Users\Lenovo\Desktop\kejari-purwokerto\vendor\codeigniter4\framework\system\CodeIgniter.php(824): App\Controllers\Home->index()
#5 C:\Users\Lenovo\Desktop\kejari-purwokerto\vendor\codeigniter4\framework\system\CodeIgniter.php(410): CodeIgniter\CodeIgniter->runController(Object(App\Controllers\Home))
#6 C:\Users\Lenovo\Desktop\kejari-purwokerto\vendor\codeigniter4\framework\system\CodeIgniter.php(318): CodeIgniter\CodeIgniter->handleRequest(NULL, Object(Config\Cache), false)
#7 C:\Users\Lenovo\Desktop\kejari-purwokerto\public\index.php(37): CodeIgniter\CodeIgniter->run()
#8 C:\Users\Lenovo\Desktop\kejari-purwokerto\vendor\codeigniter4\framework\system\Commands\Server\rewrite.php(43): require_once('C:\\Users\\Lenovo...')
#9 {main}
CRITICAL - 2022-04-10 23:48:03 --> Invalid file: layout/template_login.php
#0 C:\Users\Lenovo\Desktop\kejari-purwokerto\vendor\codeigniter4\framework\system\View\View.php(198): CodeIgniter\Exceptions\FrameworkException::forInvalidFile('layout/template...')
#1 C:\Users\Lenovo\Desktop\kejari-purwokerto\vendor\codeigniter4\framework\system\View\View.php(230): CodeIgniter\View\View->render('layout/template...', Array, true)
#2 C:\Users\Lenovo\Desktop\kejari-purwokerto\vendor\codeigniter4\framework\system\Common.php(1097): CodeIgniter\View\View->render('auth/login', Array, true)
#3 C:\Users\Lenovo\Desktop\kejari-purwokerto\app\Controllers\Home.php(12): view('auth/login', Array)
#4 C:\Users\Lenovo\Desktop\kejari-purwokerto\vendor\codeigniter4\framework\system\CodeIgniter.php(824): App\Controllers\Home->index()
#5 C:\Users\Lenovo\Desktop\kejari-purwokerto\vendor\codeigniter4\framework\system\CodeIgniter.php(410): CodeIgniter\CodeIgniter->runController(Object(App\Controllers\Home))
#6 C:\Users\Lenovo\Desktop\kejari-purwokerto\vendor\codeigniter4\framework\system\CodeIgniter.php(318): CodeIgniter\CodeIgniter->handleRequest(NULL, Object(Config\Cache), false)
#7 C:\Users\Lenovo\Desktop\kejari-purwokerto\public\index.php(37): CodeIgniter\CodeIgniter->run()
#8 C:\Users\Lenovo\Desktop\kejari-purwokerto\vendor\codeigniter4\framework\system\Commands\Server\rewrite.php(43): require_once('C:\\Users\\Lenovo...')
#9 {main}
CRITICAL - 2022-04-10 23:49:02 --> Invalid file: layout/template_login.php
#0 C:\Users\Lenovo\Desktop\kejari-purwokerto\vendor\codeigniter4\framework\system\View\View.php(198): CodeIgniter\Exceptions\FrameworkException::forInvalidFile('layout/template...')
#1 C:\Users\Lenovo\Desktop\kejari-purwokerto\vendor\codeigniter4\framework\system\View\View.php(230): CodeIgniter\View\View->render('layout/template...', Array, true)
#2 C:\Users\Lenovo\Desktop\kejari-purwokerto\vendor\codeigniter4\framework\system\Common.php(1097): CodeIgniter\View\View->render('auth/login', Array, true)
#3 C:\Users\Lenovo\Desktop\kejari-purwokerto\app\Controllers\Home.php(12): view('auth/login', Array)
#4 C:\Users\Lenovo\Desktop\kejari-purwokerto\vendor\codeigniter4\framework\system\CodeIgniter.php(824): App\Controllers\Home->index()
#5 C:\Users\Lenovo\Desktop\kejari-purwokerto\vendor\codeigniter4\framework\system\CodeIgniter.php(410): CodeIgniter\CodeIgniter->runController(Object(App\Controllers\Home))
#6 C:\Users\Lenovo\Desktop\kejari-purwokerto\vendor\codeigniter4\framework\system\CodeIgniter.php(318): CodeIgniter\CodeIgniter->handleRequest(NULL, Object(Config\Cache), false)
#7 C:\Users\Lenovo\Desktop\kejari-purwokerto\public\index.php(37): CodeIgniter\CodeIgniter->run()
#8 C:\Users\Lenovo\Desktop\kejari-purwokerto\vendor\codeigniter4\framework\system\Commands\Server\rewrite.php(43): require_once('C:\\Users\\Lenovo...')
#9 {main}
CRITICAL - 2022-04-10 23:49:02 --> Invalid file: layout/template_login.php
#0 C:\Users\Lenovo\Desktop\kejari-purwokerto\vendor\codeigniter4\framework\system\View\View.php(198): CodeIgniter\Exceptions\FrameworkException::forInvalidFile('layout/template...')
#1 C:\Users\Lenovo\Desktop\kejari-purwokerto\vendor\codeigniter4\framework\system\View\View.php(230): CodeIgniter\View\View->render('layout/template...', Array, true)
#2 C:\Users\Lenovo\Desktop\kejari-purwokerto\vendor\codeigniter4\framework\system\Common.php(1097): CodeIgniter\View\View->render('auth/login', Array, true)
#3 C:\Users\Lenovo\Desktop\kejari-purwokerto\app\Controllers\Home.php(12): view('auth/login', Array)
#4 C:\Users\Lenovo\Desktop\kejari-purwokerto\vendor\codeigniter4\framework\system\CodeIgniter.php(824): App\Controllers\Home->index()
#5 C:\Users\Lenovo\Desktop\kejari-purwokerto\vendor\codeigniter4\framework\system\CodeIgniter.php(410): CodeIgniter\CodeIgniter->runController(Object(App\Controllers\Home))
#6 C:\Users\Lenovo\Desktop\kejari-purwokerto\vendor\codeigniter4\framework\system\CodeIgniter.php(318): CodeIgniter\CodeIgniter->handleRequest(NULL, Object(Config\Cache), false)
#7 C:\Users\Lenovo\Desktop\kejari-purwokerto\public\index.php(37): CodeIgniter\CodeIgniter->run()
#8 C:\Users\Lenovo\Desktop\kejari-purwokerto\vendor\codeigniter4\framework\system\Commands\Server\rewrite.php(43): require_once('C:\\Users\\Lenovo...')
#9 {main}
CRITICAL - 2022-04-10 23:51:05 --> Invalid file: layout/template_login.php
#0 C:\Users\Lenovo\Desktop\kejari-purwokerto\vendor\codeigniter4\framework\system\View\View.php(198): CodeIgniter\Exceptions\FrameworkException::forInvalidFile('layout/template...')
#1 C:\Users\Lenovo\Desktop\kejari-purwokerto\vendor\codeigniter4\framework\system\View\View.php(230): CodeIgniter\View\View->render('layout/template...', Array, true)
#2 C:\Users\Lenovo\Desktop\kejari-purwokerto\vendor\codeigniter4\framework\system\Common.php(1097): CodeIgniter\View\View->render('auth/login', Array, true)
#3 C:\Users\Lenovo\Desktop\kejari-purwokerto\app\Controllers\Auth.php(12): view('auth/login', Array)
#4 C:\Users\Lenovo\Desktop\kejari-purwokerto\vendor\codeigniter4\framework\system\CodeIgniter.php(824): App\Controllers\Auth->index()
#5 C:\Users\Lenovo\Desktop\kejari-purwokerto\vendor\codeigniter4\framework\system\CodeIgniter.php(410): CodeIgniter\CodeIgniter->runController(Object(App\Controllers\Auth))
#6 C:\Users\Lenovo\Desktop\kejari-purwokerto\vendor\codeigniter4\framework\system\CodeIgniter.php(318): CodeIgniter\CodeIgniter->handleRequest(NULL, Object(Config\Cache), false)
#7 C:\Users\Lenovo\Desktop\kejari-purwokerto\public\index.php(37): CodeIgniter\CodeIgniter->run()
#8 C:\Users\Lenovo\Desktop\kejari-purwokerto\vendor\codeigniter4\framework\system\Commands\Server\rewrite.php(43): require_once('C:\\Users\\Lenovo...')
#9 {main}
CRITICAL - 2022-04-10 23:51:35 --> Invalid file: layout/template_login.php
#0 C:\Users\Lenovo\Desktop\kejari-purwokerto\vendor\codeigniter4\framework\system\View\View.php(198): CodeIgniter\Exceptions\FrameworkException::forInvalidFile('layout/template...')
#1 C:\Users\Lenovo\Desktop\kejari-purwokerto\vendor\codeigniter4\framework\system\View\View.php(230): CodeIgniter\View\View->render('layout/template...', Array, true)
#2 C:\Users\Lenovo\Desktop\kejari-purwokerto\vendor\codeigniter4\framework\system\Common.php(1097): CodeIgniter\View\View->render('auth/login', Array, true)
#3 C:\Users\Lenovo\Desktop\kejari-purwokerto\app\Controllers\Auth.php(12): view('auth/login', Array)
#4 C:\Users\Lenovo\Desktop\kejari-purwokerto\vendor\codeigniter4\framework\system\CodeIgniter.php(824): App\Controllers\Auth->index()
#5 C:\Users\Lenovo\Desktop\kejari-purwokerto\vendor\codeigniter4\framework\system\CodeIgniter.php(410): CodeIgniter\CodeIgniter->runController(Object(App\Controllers\Auth))
#6 C:\Users\Lenovo\Desktop\kejari-purwokerto\vendor\codeigniter4\framework\system\CodeIgniter.php(318): CodeIgniter\CodeIgniter->handleRequest(NULL, Object(Config\Cache), false)
#7 C:\Users\Lenovo\Desktop\kejari-purwokerto\public\index.php(37): CodeIgniter\CodeIgniter->run()
#8 C:\Users\Lenovo\Desktop\kejari-purwokerto\vendor\codeigniter4\framework\system\Commands\Server\rewrite.php(43): require_once('C:\\Users\\Lenovo...')
#9 {main}
CRITICAL - 2022-04-10 23:53:43 --> Invalid file: layout/template_login.php
#0 C:\Users\Lenovo\Desktop\kejari-purwokerto\vendor\codeigniter4\framework\system\View\View.php(198): CodeIgniter\Exceptions\FrameworkException::forInvalidFile('layout/template...')
#1 C:\Users\Lenovo\Desktop\kejari-purwokerto\vendor\codeigniter4\framework\system\View\View.php(230): CodeIgniter\View\View->render('layout/template...', Array, true)
#2 C:\Users\Lenovo\Desktop\kejari-purwokerto\vendor\codeigniter4\framework\system\Common.php(1097): CodeIgniter\View\View->render('auth/login', Array, true)
#3 C:\Users\Lenovo\Desktop\kejari-purwokerto\app\Controllers\Auth.php(12): view('auth/login', Array)
#4 C:\Users\Lenovo\Desktop\kejari-purwokerto\vendor\codeigniter4\framework\system\CodeIgniter.php(824): App\Controllers\Auth->index()
#5 C:\Users\Lenovo\Desktop\kejari-purwokerto\vendor\codeigniter4\framework\system\CodeIgniter.php(410): CodeIgniter\CodeIgniter->runController(Object(App\Controllers\Auth))
#6 C:\Users\Lenovo\Desktop\kejari-purwokerto\vendor\codeigniter4\framework\system\CodeIgniter.php(318): CodeIgniter\CodeIgniter->handleRequest(NULL, Object(Config\Cache), false)
#7 C:\Users\Lenovo\Desktop\kejari-purwokerto\public\index.php(37): CodeIgniter\CodeIgniter->run()
#8 C:\Users\Lenovo\Desktop\kejari-purwokerto\vendor\codeigniter4\framework\system\Commands\Server\rewrite.php(43): require_once('C:\\Users\\Lenovo...')
#9 {main}
CRITICAL - 2022-04-10 23:54:34 --> Invalid file: layout/template_login.php
#0 C:\Users\Lenovo\Desktop\kejari-purwokerto\vendor\codeigniter4\framework\system\View\View.php(198): CodeIgniter\Exceptions\FrameworkException::forInvalidFile('layout/template...')
#1 C:\Users\Lenovo\Desktop\kejari-purwokerto\vendor\codeigniter4\framework\system\View\View.php(230): CodeIgniter\View\View->render('layout/template...', Array, true)
#2 C:\Users\Lenovo\Desktop\kejari-purwokerto\vendor\codeigniter4\framework\system\Common.php(1097): CodeIgniter\View\View->render('auth/login', Array, true)
#3 C:\Users\Lenovo\Desktop\kejari-purwokerto\app\Controllers\Auth.php(12): view('auth/login', Array)
#4 C:\Users\Lenovo\Desktop\kejari-purwokerto\vendor\codeigniter4\framework\system\CodeIgniter.php(824): App\Controllers\Auth->index()
#5 C:\Users\Lenovo\Desktop\kejari-purwokerto\vendor\codeigniter4\framework\system\CodeIgniter.php(410): CodeIgniter\CodeIgniter->runController(Object(App\Controllers\Auth))
#6 C:\Users\Lenovo\Desktop\kejari-purwokerto\vendor\codeigniter4\framework\system\CodeIgniter.php(318): CodeIgniter\CodeIgniter->handleRequest(NULL, Object(Config\Cache), false)
#7 C:\Users\Lenovo\Desktop\kejari-purwokerto\public\index.php(37): CodeIgniter\CodeIgniter->run()
#8 C:\Users\Lenovo\Desktop\kejari-purwokerto\vendor\codeigniter4\framework\system\Commands\Server\rewrite.php(43): require_once('C:\\Users\\Lenovo...')
#9 {main}
CRITICAL - 2022-04-10 23:54:35 --> Invalid file: layout/template_login.php
#0 C:\Users\Lenovo\Desktop\kejari-purwokerto\vendor\codeigniter4\framework\system\View\View.php(198): CodeIgniter\Exceptions\FrameworkException::forInvalidFile('layout/template...')
#1 C:\Users\Lenovo\Desktop\kejari-purwokerto\vendor\codeigniter4\framework\system\View\View.php(230): CodeIgniter\View\View->render('layout/template...', Array, true)
#2 C:\Users\Lenovo\Desktop\kejari-purwokerto\vendor\codeigniter4\framework\system\Common.php(1097): CodeIgniter\View\View->render('auth/login', Array, true)
#3 C:\Users\Lenovo\Desktop\kejari-purwokerto\app\Controllers\Auth.php(12): view('auth/login', Array)
#4 C:\Users\Lenovo\Desktop\kejari-purwokerto\vendor\codeigniter4\framework\system\CodeIgniter.php(824): App\Controllers\Auth->index()
#5 C:\Users\Lenovo\Desktop\kejari-purwokerto\vendor\codeigniter4\framework\system\CodeIgniter.php(410): CodeIgniter\CodeIgniter->runController(Object(App\Controllers\Auth))
#6 C:\Users\Lenovo\Desktop\kejari-purwokerto\vendor\codeigniter4\framework\system\CodeIgniter.php(318): CodeIgniter\CodeIgniter->handleRequest(NULL, Object(Config\Cache), false)
#7 C:\Users\Lenovo\Desktop\kejari-purwokerto\public\index.php(37): CodeIgniter\CodeIgniter->run()
#8 C:\Users\Lenovo\Desktop\kejari-purwokerto\vendor\codeigniter4\framework\system\Commands\Server\rewrite.php(43): require_once('C:\\Users\\Lenovo...')
#9 {main}
CRITICAL - 2022-04-10 23:54:40 --> Invalid file: layout/template_login.php
#0 C:\Users\Lenovo\Desktop\kejari-purwokerto\vendor\codeigniter4\framework\system\View\View.php(198): CodeIgniter\Exceptions\FrameworkException::forInvalidFile('layout/template...')
#1 C:\Users\Lenovo\Desktop\kejari-purwokerto\vendor\codeigniter4\framework\system\View\View.php(230): CodeIgniter\View\View->render('layout/template...', Array, true)
#2 C:\Users\Lenovo\Desktop\kejari-purwokerto\vendor\codeigniter4\framework\system\Common.php(1097): CodeIgniter\View\View->render('auth/login', Array, true)
#3 C:\Users\Lenovo\Desktop\kejari-purwokerto\app\Controllers\Auth.php(12): view('auth/login', Array)
#4 C:\Users\Lenovo\Desktop\kejari-purwokerto\vendor\codeigniter4\framework\system\CodeIgniter.php(824): App\Controllers\Auth->index()
#5 C:\Users\Lenovo\Desktop\kejari-purwokerto\vendor\codeigniter4\framework\system\CodeIgniter.php(410): CodeIgniter\CodeIgniter->runController(Object(App\Controllers\Auth))
#6 C:\Users\Lenovo\Desktop\kejari-purwokerto\vendor\codeigniter4\framework\system\CodeIgniter.php(318): CodeIgniter\CodeIgniter->handleRequest(NULL, Object(Config\Cache), false)
#7 C:\Users\Lenovo\Desktop\kejari-purwokerto\public\index.php(37): CodeIgniter\CodeIgniter->run()
#8 C:\Users\Lenovo\Desktop\kejari-purwokerto\vendor\codeigniter4\framework\system\Commands\Server\rewrite.php(43): require_once('C:\\Users\\Lenovo...')
#9 {main}
CRITICAL - 2022-04-10 23:55:05 --> Invalid file: layout/template_login.php
#0 C:\Users\Lenovo\Desktop\kejari-purwokerto\vendor\codeigniter4\framework\system\View\View.php(198): CodeIgniter\Exceptions\FrameworkException::forInvalidFile('layout/template...')
#1 C:\Users\Lenovo\Desktop\kejari-purwokerto\vendor\codeigniter4\framework\system\View\View.php(230): CodeIgniter\View\View->render('layout/template...', Array, true)
#2 C:\Users\Lenovo\Desktop\kejari-purwokerto\vendor\codeigniter4\framework\system\Common.php(1097): CodeIgniter\View\View->render('auth/login', Array, true)
#3 C:\Users\Lenovo\Desktop\kejari-purwokerto\app\Controllers\Auth.php(12): view('auth/login', Array)
#4 C:\Users\Lenovo\Desktop\kejari-purwokerto\vendor\codeigniter4\framework\system\CodeIgniter.php(824): App\Controllers\Auth->index()
#5 C:\Users\Lenovo\Desktop\kejari-purwokerto\vendor\codeigniter4\framework\system\CodeIgniter.php(410): CodeIgniter\CodeIgniter->runController(Object(App\Controllers\Auth))
#6 C:\Users\Lenovo\Desktop\kejari-purwokerto\vendor\codeigniter4\framework\system\CodeIgniter.php(318): CodeIgniter\CodeIgniter->handleRequest(NULL, Object(Config\Cache), false)
#7 C:\Users\Lenovo\Desktop\kejari-purwokerto\public\index.php(37): CodeIgniter\CodeIgniter->run()
#8 C:\Users\Lenovo\Desktop\kejari-purwokerto\vendor\codeigniter4\framework\system\Commands\Server\rewrite.php(43): require_once('C:\\Users\\Lenovo...')
#9 {main}
