ERROR - 2022-05-09 03:31:36 --> Error connecting to the database: No connection could be made because the target machine actively refused it
CRITICAL - 2022-05-09 03:31:36 --> Unable to connect to the database.
Main connection [MySQLi]: No connection could be made because the target machine actively refused it
#0 C:\Users\Lenovo\Desktop\kejari-purwokerto\vendor\codeigniter4\framework\system\Database\BaseConnection.php(577): CodeIgniter\Database\BaseConnection->initialize()
#1 C:\Users\Lenovo\Desktop\kejari-purwokerto\vendor\codeigniter4\framework\system\Database\BaseBuilder.php(1443): CodeIgniter\Database\BaseConnection->query('SELECT *\nFROM `...', Array, false)
#2 C:\Users\Lenovo\Desktop\kejari-purwokerto\app\Models\navbarModel.php(34): CodeIgniter\Database\BaseBuilder->get()
#3 C:\Users\Lenovo\Desktop\kejari-purwokerto\app\Controllers\Home.php(58): App\Models\navbarModel->get_header()
#4 C:\Users\Lenovo\Desktop\kejari-purwokerto\vendor\codeigniter4\framework\system\CodeIgniter.php(801): App\Controllers\Home->__construct()
#5 C:\Users\Lenovo\Desktop\kejari-purwokerto\vendor\codeigniter4\framework\system\CodeIgniter.php(401): CodeIgniter\CodeIgniter->createController()
#6 C:\Users\Lenovo\Desktop\kejari-purwokerto\vendor\codeigniter4\framework\system\CodeIgniter.php(318): CodeIgniter\CodeIgniter->handleRequest(NULL, Object(Config\Cache), false)
#7 C:\Users\Lenovo\Desktop\kejari-purwokerto\public\index.php(37): CodeIgniter\CodeIgniter->run()
#8 C:\Users\Lenovo\Desktop\kejari-purwokerto\vendor\codeigniter4\framework\system\Commands\Server\rewrite.php(43): require_once('C:\\Users\\Lenovo...')
#9 {main}
CRITICAL - 2022-05-09 03:32:28 --> Too few arguments to function App\Controllers\Home::berita(), 0 passed in C:\Users\Lenovo\Desktop\kejari-purwokerto\vendor\codeigniter4\framework\system\CodeIgniter.php on line 824 and exactly 1 expected
#0 C:\Users\Lenovo\Desktop\kejari-purwokerto\vendor\codeigniter4\framework\system\CodeIgniter.php(824): App\Controllers\Home->berita()
#1 C:\Users\Lenovo\Desktop\kejari-purwokerto\vendor\codeigniter4\framework\system\CodeIgniter.php(410): CodeIgniter\CodeIgniter->runController(Object(App\Controllers\Home))
#2 C:\Users\Lenovo\Desktop\kejari-purwokerto\vendor\codeigniter4\framework\system\CodeIgniter.php(318): CodeIgniter\CodeIgniter->handleRequest(NULL, Object(Config\Cache), false)
#3 C:\Users\Lenovo\Desktop\kejari-purwokerto\public\index.php(37): CodeIgniter\CodeIgniter->run()
#4 C:\Users\Lenovo\Desktop\kejari-purwokerto\vendor\codeigniter4\framework\system\Commands\Server\rewrite.php(43): require_once('C:\\Users\\Lenovo...')
#5 {main}
CRITICAL - 2022-05-09 03:39:03 --> Invalid file: admin/index.php
#0 C:\Users\Lenovo\Desktop\kejari-purwokerto\vendor\codeigniter4\framework\system\View\View.php(198): CodeIgniter\Exceptions\FrameworkException::forInvalidFile('admin/index.php')
#1 C:\Users\Lenovo\Desktop\kejari-purwokerto\vendor\codeigniter4\framework\system\Common.php(1097): CodeIgniter\View\View->render('admin/index', Array, true)
#2 C:\Users\Lenovo\Desktop\kejari-purwokerto\app\Controllers\Admin.php(20): view('admin/index', Array)
#3 C:\Users\Lenovo\Desktop\kejari-purwokerto\vendor\codeigniter4\framework\system\CodeIgniter.php(824): App\Controllers\Admin->index()
#4 C:\Users\Lenovo\Desktop\kejari-purwokerto\vendor\codeigniter4\framework\system\CodeIgniter.php(410): CodeIgniter\CodeIgniter->runController(Object(App\Controllers\Admin))
#5 C:\Users\Lenovo\Desktop\kejari-purwokerto\vendor\codeigniter4\framework\system\CodeIgniter.php(318): CodeIgniter\CodeIgniter->handleRequest(NULL, Object(Config\Cache), false)
#6 C:\Users\Lenovo\Desktop\kejari-purwokerto\public\index.php(37): CodeIgniter\CodeIgniter->run()
#7 C:\Users\Lenovo\Desktop\kejari-purwokerto\vendor\codeigniter4\framework\system\Commands\Server\rewrite.php(43): require_once('C:\\Users\\Lenovo...')
#8 {main}
CRITICAL - 2022-05-09 03:39:04 --> Invalid file: admin/index.php
#0 C:\Users\Lenovo\Desktop\kejari-purwokerto\vendor\codeigniter4\framework\system\View\View.php(198): CodeIgniter\Exceptions\FrameworkException::forInvalidFile('admin/index.php')
#1 C:\Users\Lenovo\Desktop\kejari-purwokerto\vendor\codeigniter4\framework\system\Common.php(1097): CodeIgniter\View\View->render('admin/index', Array, true)
#2 C:\Users\Lenovo\Desktop\kejari-purwokerto\app\Controllers\Admin.php(20): view('admin/index', Array)
#3 C:\Users\Lenovo\Desktop\kejari-purwokerto\vendor\codeigniter4\framework\system\CodeIgniter.php(824): App\Controllers\Admin->index()
#4 C:\Users\Lenovo\Desktop\kejari-purwokerto\vendor\codeigniter4\framework\system\CodeIgniter.php(410): CodeIgniter\CodeIgniter->runController(Object(App\Controllers\Admin))
#5 C:\Users\Lenovo\Desktop\kejari-purwokerto\vendor\codeigniter4\framework\system\CodeIgniter.php(318): CodeIgniter\CodeIgniter->handleRequest(NULL, Object(Config\Cache), false)
#6 C:\Users\Lenovo\Desktop\kejari-purwokerto\public\index.php(37): CodeIgniter\CodeIgniter->run()
#7 C:\Users\Lenovo\Desktop\kejari-purwokerto\vendor\codeigniter4\framework\system\Commands\Server\rewrite.php(43): require_once('C:\\Users\\Lenovo...')
#8 {main}
CRITICAL - 2022-05-09 03:42:05 --> Trying to access array offset on value of type null
#0 C:\Users\Lenovo\Desktop\kejari-purwokerto\app\Views\visitor\navbar\bidang.php(12): CodeIgniter\Debug\Exceptions->errorHandler(2, 'Trying to acces...', 'C:\\Users\\Lenovo...', 12)
#1 C:\Users\Lenovo\Desktop\kejari-purwokerto\vendor\codeigniter4\framework\system\View\View.php(214): include('C:\\Users\\Lenovo...')
#2 C:\Users\Lenovo\Desktop\kejari-purwokerto\vendor\codeigniter4\framework\system\View\View.php(217): CodeIgniter\View\View->CodeIgniter\View\{closure}()
#3 C:\Users\Lenovo\Desktop\kejari-purwokerto\vendor\codeigniter4\framework\system\Common.php(1097): CodeIgniter\View\View->render('visitor/navbar/...', Array, true)
#4 C:\Users\Lenovo\Desktop\kejari-purwokerto\app\Controllers\Home.php(271): view('visitor/navbar/...', Array)
#5 C:\Users\Lenovo\Desktop\kejari-purwokerto\vendor\codeigniter4\framework\system\CodeIgniter.php(824): App\Controllers\Home->bidang('get_id', '8')
#6 C:\Users\Lenovo\Desktop\kejari-purwokerto\vendor\codeigniter4\framework\system\CodeIgniter.php(410): CodeIgniter\CodeIgniter->runController(Object(App\Controllers\Home))
#7 C:\Users\Lenovo\Desktop\kejari-purwokerto\vendor\codeigniter4\framework\system\CodeIgniter.php(318): CodeIgniter\CodeIgniter->handleRequest(NULL, Object(Config\Cache), false)
#8 C:\Users\Lenovo\Desktop\kejari-purwokerto\public\index.php(37): CodeIgniter\CodeIgniter->run()
#9 C:\Users\Lenovo\Desktop\kejari-purwokerto\vendor\codeigniter4\framework\system\Commands\Server\rewrite.php(43): require_once('C:\\Users\\Lenovo...')
#10 {main}
CRITICAL - 2022-05-09 03:45:56 --> Trying to access array offset on value of type null
#0 C:\Users\Lenovo\Desktop\kejari-purwokerto\app\Views\visitor\navbar\bidang.php(12): CodeIgniter\Debug\Exceptions->errorHandler(2, 'Trying to acces...', 'C:\\Users\\Lenovo...', 12)
#1 C:\Users\Lenovo\Desktop\kejari-purwokerto\vendor\codeigniter4\framework\system\View\View.php(214): include('C:\\Users\\Lenovo...')
#2 C:\Users\Lenovo\Desktop\kejari-purwokerto\vendor\codeigniter4\framework\system\View\View.php(217): CodeIgniter\View\View->CodeIgniter\View\{closure}()
#3 C:\Users\Lenovo\Desktop\kejari-purwokerto\vendor\codeigniter4\framework\system\Common.php(1097): CodeIgniter\View\View->render('visitor/navbar/...', Array, true)
#4 C:\Users\Lenovo\Desktop\kejari-purwokerto\app\Controllers\Home.php(271): view('visitor/navbar/...', Array)
#5 C:\Users\Lenovo\Desktop\kejari-purwokerto\vendor\codeigniter4\framework\system\CodeIgniter.php(824): App\Controllers\Home->bidang('get_id', '8')
#6 C:\Users\Lenovo\Desktop\kejari-purwokerto\vendor\codeigniter4\framework\system\CodeIgniter.php(410): CodeIgniter\CodeIgniter->runController(Object(App\Controllers\Home))
#7 C:\Users\Lenovo\Desktop\kejari-purwokerto\vendor\codeigniter4\framework\system\CodeIgniter.php(318): CodeIgniter\CodeIgniter->handleRequest(NULL, Object(Config\Cache), false)
#8 C:\Users\Lenovo\Desktop\kejari-purwokerto\public\index.php(37): CodeIgniter\CodeIgniter->run()
#9 C:\Users\Lenovo\Desktop\kejari-purwokerto\vendor\codeigniter4\framework\system\Commands\Server\rewrite.php(43): require_once('C:\\Users\\Lenovo...')
#10 {main}
CRITICAL - 2022-05-09 03:46:46 --> Trying to access array offset on value of type null
#0 C:\Users\Lenovo\Desktop\kejari-purwokerto\app\Views\visitor\navbar\bidang.php(12): CodeIgniter\Debug\Exceptions->errorHandler(2, 'Trying to acces...', 'C:\\Users\\Lenovo...', 12)
#1 C:\Users\Lenovo\Desktop\kejari-purwokerto\vendor\codeigniter4\framework\system\View\View.php(214): include('C:\\Users\\Lenovo...')
#2 C:\Users\Lenovo\Desktop\kejari-purwokerto\vendor\codeigniter4\framework\system\View\View.php(217): CodeIgniter\View\View->CodeIgniter\View\{closure}()
#3 C:\Users\Lenovo\Desktop\kejari-purwokerto\vendor\codeigniter4\framework\system\Common.php(1097): CodeIgniter\View\View->render('visitor/navbar/...', Array, true)
#4 C:\Users\Lenovo\Desktop\kejari-purwokerto\app\Controllers\Home.php(271): view('visitor/navbar/...', Array)
#5 C:\Users\Lenovo\Desktop\kejari-purwokerto\vendor\codeigniter4\framework\system\CodeIgniter.php(824): App\Controllers\Home->bidang('get_id8')
#6 C:\Users\Lenovo\Desktop\kejari-purwokerto\vendor\codeigniter4\framework\system\CodeIgniter.php(410): CodeIgniter\CodeIgniter->runController(Object(App\Controllers\Home))
#7 C:\Users\Lenovo\Desktop\kejari-purwokerto\vendor\codeigniter4\framework\system\CodeIgniter.php(318): CodeIgniter\CodeIgniter->handleRequest(NULL, Object(Config\Cache), false)
#8 C:\Users\Lenovo\Desktop\kejari-purwokerto\public\index.php(37): CodeIgniter\CodeIgniter->run()
#9 C:\Users\Lenovo\Desktop\kejari-purwokerto\vendor\codeigniter4\framework\system\Commands\Server\rewrite.php(43): require_once('C:\\Users\\Lenovo...')
#10 {main}
CRITICAL - 2022-05-09 03:47:37 --> Trying to access array offset on value of type null
#0 C:\Users\Lenovo\Desktop\kejari-purwokerto\app\Views\visitor\navbar\bidang.php(12): CodeIgniter\Debug\Exceptions->errorHandler(2, 'Trying to acces...', 'C:\\Users\\Lenovo...', 12)
#1 C:\Users\Lenovo\Desktop\kejari-purwokerto\vendor\codeigniter4\framework\system\View\View.php(214): include('C:\\Users\\Lenovo...')
#2 C:\Users\Lenovo\Desktop\kejari-purwokerto\vendor\codeigniter4\framework\system\View\View.php(217): CodeIgniter\View\View->CodeIgniter\View\{closure}()
#3 C:\Users\Lenovo\Desktop\kejari-purwokerto\vendor\codeigniter4\framework\system\Common.php(1097): CodeIgniter\View\View->render('visitor/navbar/...', Array, true)
#4 C:\Users\Lenovo\Desktop\kejari-purwokerto\app\Controllers\Home.php(271): view('visitor/navbar/...', Array)
#5 C:\Users\Lenovo\Desktop\kejari-purwokerto\vendor\codeigniter4\framework\system\CodeIgniter.php(824): App\Controllers\Home->bidang('get_id8')
#6 C:\Users\Lenovo\Desktop\kejari-purwokerto\vendor\codeigniter4\framework\system\CodeIgniter.php(410): CodeIgniter\CodeIgniter->runController(Object(App\Controllers\Home))
#7 C:\Users\Lenovo\Desktop\kejari-purwokerto\vendor\codeigniter4\framework\system\CodeIgniter.php(318): CodeIgniter\CodeIgniter->handleRequest(NULL, Object(Config\Cache), false)
#8 C:\Users\Lenovo\Desktop\kejari-purwokerto\public\index.php(37): CodeIgniter\CodeIgniter->run()
#9 C:\Users\Lenovo\Desktop\kejari-purwokerto\vendor\codeigniter4\framework\system\Commands\Server\rewrite.php(43): require_once('C:\\Users\\Lenovo...')
#10 {main}
CRITICAL - 2022-05-09 03:47:55 --> Trying to access array offset on value of type null
#0 C:\Users\Lenovo\Desktop\kejari-purwokerto\app\Views\visitor\navbar\bidang.php(12): CodeIgniter\Debug\Exceptions->errorHandler(2, 'Trying to acces...', 'C:\\Users\\Lenovo...', 12)
#1 C:\Users\Lenovo\Desktop\kejari-purwokerto\vendor\codeigniter4\framework\system\View\View.php(214): include('C:\\Users\\Lenovo...')
#2 C:\Users\Lenovo\Desktop\kejari-purwokerto\vendor\codeigniter4\framework\system\View\View.php(217): CodeIgniter\View\View->CodeIgniter\View\{closure}()
#3 C:\Users\Lenovo\Desktop\kejari-purwokerto\vendor\codeigniter4\framework\system\Common.php(1097): CodeIgniter\View\View->render('visitor/navbar/...', Array, true)
#4 C:\Users\Lenovo\Desktop\kejari-purwokerto\app\Controllers\Home.php(271): view('visitor/navbar/...', Array)
#5 C:\Users\Lenovo\Desktop\kejari-purwokerto\vendor\codeigniter4\framework\system\CodeIgniter.php(824): App\Controllers\Home->bidang('get_id8')
#6 C:\Users\Lenovo\Desktop\kejari-purwokerto\vendor\codeigniter4\framework\system\CodeIgniter.php(410): CodeIgniter\CodeIgniter->runController(Object(App\Controllers\Home))
#7 C:\Users\Lenovo\Desktop\kejari-purwokerto\vendor\codeigniter4\framework\system\CodeIgniter.php(318): CodeIgniter\CodeIgniter->handleRequest(NULL, Object(Config\Cache), false)
#8 C:\Users\Lenovo\Desktop\kejari-purwokerto\public\index.php(37): CodeIgniter\CodeIgniter->run()
#9 C:\Users\Lenovo\Desktop\kejari-purwokerto\vendor\codeigniter4\framework\system\Commands\Server\rewrite.php(43): require_once('C:\\Users\\Lenovo...')
#10 {main}
CRITICAL - 2022-05-09 03:48:05 --> Trying to access array offset on value of type null
#0 C:\Users\Lenovo\Desktop\kejari-purwokerto\app\Views\visitor\navbar\bidang.php(12): CodeIgniter\Debug\Exceptions->errorHandler(2, 'Trying to acces...', 'C:\\Users\\Lenovo...', 12)
#1 C:\Users\Lenovo\Desktop\kejari-purwokerto\vendor\codeigniter4\framework\system\View\View.php(214): include('C:\\Users\\Lenovo...')
#2 C:\Users\Lenovo\Desktop\kejari-purwokerto\vendor\codeigniter4\framework\system\View\View.php(217): CodeIgniter\View\View->CodeIgniter\View\{closure}()
#3 C:\Users\Lenovo\Desktop\kejari-purwokerto\vendor\codeigniter4\framework\system\Common.php(1097): CodeIgniter\View\View->render('visitor/navbar/...', Array, true)
#4 C:\Users\Lenovo\Desktop\kejari-purwokerto\app\Controllers\Home.php(271): view('visitor/navbar/...', Array)
#5 C:\Users\Lenovo\Desktop\kejari-purwokerto\vendor\codeigniter4\framework\system\CodeIgniter.php(824): App\Controllers\Home->bidang('get_id', '8')
#6 C:\Users\Lenovo\Desktop\kejari-purwokerto\vendor\codeigniter4\framework\system\CodeIgniter.php(410): CodeIgniter\CodeIgniter->runController(Object(App\Controllers\Home))
#7 C:\Users\Lenovo\Desktop\kejari-purwokerto\vendor\codeigniter4\framework\system\CodeIgniter.php(318): CodeIgniter\CodeIgniter->handleRequest(NULL, Object(Config\Cache), false)
#8 C:\Users\Lenovo\Desktop\kejari-purwokerto\public\index.php(37): CodeIgniter\CodeIgniter->run()
#9 C:\Users\Lenovo\Desktop\kejari-purwokerto\vendor\codeigniter4\framework\system\Commands\Server\rewrite.php(43): require_once('C:\\Users\\Lenovo...')
#10 {main}
CRITICAL - 2022-05-09 03:48:21 --> Trying to access array offset on value of type null
#0 C:\Users\Lenovo\Desktop\kejari-purwokerto\app\Views\visitor\navbar\bidang.php(12): CodeIgniter\Debug\Exceptions->errorHandler(2, 'Trying to acces...', 'C:\\Users\\Lenovo...', 12)
#1 C:\Users\Lenovo\Desktop\kejari-purwokerto\vendor\codeigniter4\framework\system\View\View.php(214): include('C:\\Users\\Lenovo...')
#2 C:\Users\Lenovo\Desktop\kejari-purwokerto\vendor\codeigniter4\framework\system\View\View.php(217): CodeIgniter\View\View->CodeIgniter\View\{closure}()
#3 C:\Users\Lenovo\Desktop\kejari-purwokerto\vendor\codeigniter4\framework\system\Common.php(1097): CodeIgniter\View\View->render('visitor/navbar/...', Array, true)
#4 C:\Users\Lenovo\Desktop\kejari-purwokerto\app\Controllers\Home.php(271): view('visitor/navbar/...', Array)
#5 C:\Users\Lenovo\Desktop\kejari-purwokerto\vendor\codeigniter4\framework\system\CodeIgniter.php(824): App\Controllers\Home->bidang('get_id8')
#6 C:\Users\Lenovo\Desktop\kejari-purwokerto\vendor\codeigniter4\framework\system\CodeIgniter.php(410): CodeIgniter\CodeIgniter->runController(Object(App\Controllers\Home))
#7 C:\Users\Lenovo\Desktop\kejari-purwokerto\vendor\codeigniter4\framework\system\CodeIgniter.php(318): CodeIgniter\CodeIgniter->handleRequest(NULL, Object(Config\Cache), false)
#8 C:\Users\Lenovo\Desktop\kejari-purwokerto\public\index.php(37): CodeIgniter\CodeIgniter->run()
#9 C:\Users\Lenovo\Desktop\kejari-purwokerto\vendor\codeigniter4\framework\system\Commands\Server\rewrite.php(43): require_once('C:\\Users\\Lenovo...')
#10 {main}
CRITICAL - 2022-05-09 03:48:37 --> Trying to access array offset on value of type null
#0 C:\Users\Lenovo\Desktop\kejari-purwokerto\app\Views\visitor\navbar\bidang.php(12): CodeIgniter\Debug\Exceptions->errorHandler(2, 'Trying to acces...', 'C:\\Users\\Lenovo...', 12)
#1 C:\Users\Lenovo\Desktop\kejari-purwokerto\vendor\codeigniter4\framework\system\View\View.php(214): include('C:\\Users\\Lenovo...')
#2 C:\Users\Lenovo\Desktop\kejari-purwokerto\vendor\codeigniter4\framework\system\View\View.php(217): CodeIgniter\View\View->CodeIgniter\View\{closure}()
#3 C:\Users\Lenovo\Desktop\kejari-purwokerto\vendor\codeigniter4\framework\system\Common.php(1097): CodeIgniter\View\View->render('visitor/navbar/...', Array, true)
#4 C:\Users\Lenovo\Desktop\kejari-purwokerto\app\Controllers\Home.php(271): view('visitor/navbar/...', Array)
#5 C:\Users\Lenovo\Desktop\kejari-purwokerto\vendor\codeigniter4\framework\system\CodeIgniter.php(824): App\Controllers\Home->bidang('get_id', '8')
#6 C:\Users\Lenovo\Desktop\kejari-purwokerto\vendor\codeigniter4\framework\system\CodeIgniter.php(410): CodeIgniter\CodeIgniter->runController(Object(App\Controllers\Home))
#7 C:\Users\Lenovo\Desktop\kejari-purwokerto\vendor\codeigniter4\framework\system\CodeIgniter.php(318): CodeIgniter\CodeIgniter->handleRequest(NULL, Object(Config\Cache), false)
#8 C:\Users\Lenovo\Desktop\kejari-purwokerto\public\index.php(37): CodeIgniter\CodeIgniter->run()
#9 C:\Users\Lenovo\Desktop\kejari-purwokerto\vendor\codeigniter4\framework\system\Commands\Server\rewrite.php(43): require_once('C:\\Users\\Lenovo...')
#10 {main}
CRITICAL - 2022-05-09 03:48:55 --> Trying to access array offset on value of type null
#0 C:\Users\Lenovo\Desktop\kejari-purwokerto\app\Views\visitor\navbar\bidang.php(12): CodeIgniter\Debug\Exceptions->errorHandler(2, 'Trying to acces...', 'C:\\Users\\Lenovo...', 12)
#1 C:\Users\Lenovo\Desktop\kejari-purwokerto\vendor\codeigniter4\framework\system\View\View.php(214): include('C:\\Users\\Lenovo...')
#2 C:\Users\Lenovo\Desktop\kejari-purwokerto\vendor\codeigniter4\framework\system\View\View.php(217): CodeIgniter\View\View->CodeIgniter\View\{closure}()
#3 C:\Users\Lenovo\Desktop\kejari-purwokerto\vendor\codeigniter4\framework\system\Common.php(1097): CodeIgniter\View\View->render('visitor/navbar/...', Array, true)
#4 C:\Users\Lenovo\Desktop\kejari-purwokerto\app\Controllers\Home.php(271): view('visitor/navbar/...', Array)
#5 C:\Users\Lenovo\Desktop\kejari-purwokerto\vendor\codeigniter4\framework\system\CodeIgniter.php(824): App\Controllers\Home->bidang('get_id', '8')
#6 C:\Users\Lenovo\Desktop\kejari-purwokerto\vendor\codeigniter4\framework\system\CodeIgniter.php(410): CodeIgniter\CodeIgniter->runController(Object(App\Controllers\Home))
#7 C:\Users\Lenovo\Desktop\kejari-purwokerto\vendor\codeigniter4\framework\system\CodeIgniter.php(318): CodeIgniter\CodeIgniter->handleRequest(NULL, Object(Config\Cache), false)
#8 C:\Users\Lenovo\Desktop\kejari-purwokerto\public\index.php(37): CodeIgniter\CodeIgniter->run()
#9 C:\Users\Lenovo\Desktop\kejari-purwokerto\vendor\codeigniter4\framework\system\Commands\Server\rewrite.php(43): require_once('C:\\Users\\Lenovo...')
#10 {main}
CRITICAL - 2022-05-09 03:49:09 --> Trying to access array offset on value of type null
#0 C:\Users\Lenovo\Desktop\kejari-purwokerto\app\Views\visitor\navbar\bidang.php(12): CodeIgniter\Debug\Exceptions->errorHandler(2, 'Trying to acces...', 'C:\\Users\\Lenovo...', 12)
#1 C:\Users\Lenovo\Desktop\kejari-purwokerto\vendor\codeigniter4\framework\system\View\View.php(214): include('C:\\Users\\Lenovo...')
#2 C:\Users\Lenovo\Desktop\kejari-purwokerto\vendor\codeigniter4\framework\system\View\View.php(217): CodeIgniter\View\View->CodeIgniter\View\{closure}()
#3 C:\Users\Lenovo\Desktop\kejari-purwokerto\vendor\codeigniter4\framework\system\Common.php(1097): CodeIgniter\View\View->render('visitor/navbar/...', Array, true)
#4 C:\Users\Lenovo\Desktop\kejari-purwokerto\app\Controllers\Home.php(271): view('visitor/navbar/...', Array)
#5 C:\Users\Lenovo\Desktop\kejari-purwokerto\vendor\codeigniter4\framework\system\CodeIgniter.php(824): App\Controllers\Home->bidang('get_id', '6')
#6 C:\Users\Lenovo\Desktop\kejari-purwokerto\vendor\codeigniter4\framework\system\CodeIgniter.php(410): CodeIgniter\CodeIgniter->runController(Object(App\Controllers\Home))
#7 C:\Users\Lenovo\Desktop\kejari-purwokerto\vendor\codeigniter4\framework\system\CodeIgniter.php(318): CodeIgniter\CodeIgniter->handleRequest(NULL, Object(Config\Cache), false)
#8 C:\Users\Lenovo\Desktop\kejari-purwokerto\public\index.php(37): CodeIgniter\CodeIgniter->run()
#9 C:\Users\Lenovo\Desktop\kejari-purwokerto\vendor\codeigniter4\framework\system\Commands\Server\rewrite.php(43): require_once('C:\\Users\\Lenovo...')
#10 {main}
CRITICAL - 2022-05-09 03:49:11 --> Trying to access array offset on value of type null
#0 C:\Users\Lenovo\Desktop\kejari-purwokerto\app\Views\visitor\navbar\bidang.php(12): CodeIgniter\Debug\Exceptions->errorHandler(2, 'Trying to acces...', 'C:\\Users\\Lenovo...', 12)
#1 C:\Users\Lenovo\Desktop\kejari-purwokerto\vendor\codeigniter4\framework\system\View\View.php(214): include('C:\\Users\\Lenovo...')
#2 C:\Users\Lenovo\Desktop\kejari-purwokerto\vendor\codeigniter4\framework\system\View\View.php(217): CodeIgniter\View\View->CodeIgniter\View\{closure}()
#3 C:\Users\Lenovo\Desktop\kejari-purwokerto\vendor\codeigniter4\framework\system\Common.php(1097): CodeIgniter\View\View->render('visitor/navbar/...', Array, true)
#4 C:\Users\Lenovo\Desktop\kejari-purwokerto\app\Controllers\Home.php(271): view('visitor/navbar/...', Array)
#5 C:\Users\Lenovo\Desktop\kejari-purwokerto\vendor\codeigniter4\framework\system\CodeIgniter.php(824): App\Controllers\Home->bidang('get_id', '5')
#6 C:\Users\Lenovo\Desktop\kejari-purwokerto\vendor\codeigniter4\framework\system\CodeIgniter.php(410): CodeIgniter\CodeIgniter->runController(Object(App\Controllers\Home))
#7 C:\Users\Lenovo\Desktop\kejari-purwokerto\vendor\codeigniter4\framework\system\CodeIgniter.php(318): CodeIgniter\CodeIgniter->handleRequest(NULL, Object(Config\Cache), false)
#8 C:\Users\Lenovo\Desktop\kejari-purwokerto\public\index.php(37): CodeIgniter\CodeIgniter->run()
#9 C:\Users\Lenovo\Desktop\kejari-purwokerto\vendor\codeigniter4\framework\system\Commands\Server\rewrite.php(43): require_once('C:\\Users\\Lenovo...')
#10 {main}
