CRITICAL - 2022-04-28 03:20:02 --> Trying to access array offset on value of type null
#0 C:\Users\Lenovo\Desktop\kejari-purwokerto\app\Controllers\Home.php(78): CodeIgniter\Debug\Exceptions->errorHandler(2, 'Trying to acces...', 'C:\\Users\\Lenovo...', 78)
#1 C:\Users\Lenovo\Desktop\kejari-purwokerto\vendor\codeigniter4\framework\system\CodeIgniter.php(801): App\Controllers\Home->__construct()
#2 C:\Users\Lenovo\Desktop\kejari-purwokerto\vendor\codeigniter4\framework\system\CodeIgniter.php(401): CodeIgniter\CodeIgniter->createController()
#3 C:\Users\Lenovo\Desktop\kejari-purwokerto\vendor\codeigniter4\framework\system\CodeIgniter.php(318): CodeIgniter\CodeIgniter->handleRequest(NULL, Object(Config\Cache), false)
#4 C:\Users\Lenovo\Desktop\kejari-purwokerto\public\index.php(37): CodeIgniter\CodeIgniter->run()
#5 C:\Users\Lenovo\Desktop\kejari-purwokerto\vendor\codeigniter4\framework\system\Commands\Server\rewrite.php(43): require_once('C:\\Users\\Lenovo...')
#6 {main}
CRITICAL - 2022-04-28 03:24:01 --> Call to undefined method App\Models\kepalaKejaksaanModel::get_data
#0 C:\Users\Lenovo\Desktop\kejari-purwokerto\app\Controllers\Home.php(61): CodeIgniter\Model->__call('get_data', Array)
#1 C:\Users\Lenovo\Desktop\kejari-purwokerto\vendor\codeigniter4\framework\system\CodeIgniter.php(801): App\Controllers\Home->__construct()
#2 C:\Users\Lenovo\Desktop\kejari-purwokerto\vendor\codeigniter4\framework\system\CodeIgniter.php(401): CodeIgniter\CodeIgniter->createController()
#3 C:\Users\Lenovo\Desktop\kejari-purwokerto\vendor\codeigniter4\framework\system\CodeIgniter.php(318): CodeIgniter\CodeIgniter->handleRequest(NULL, Object(Config\Cache), false)
#4 C:\Users\Lenovo\Desktop\kejari-purwokerto\public\index.php(37): CodeIgniter\CodeIgniter->run()
#5 C:\Users\Lenovo\Desktop\kejari-purwokerto\vendor\codeigniter4\framework\system\Commands\Server\rewrite.php(43): require_once('C:\\Users\\Lenovo...')
#6 {main}
CRITICAL - 2022-04-28 03:24:02 --> Call to undefined method App\Models\kepalaKejaksaanModel::get_data
#0 C:\Users\Lenovo\Desktop\kejari-purwokerto\app\Controllers\Home.php(61): CodeIgniter\Model->__call('get_data', Array)
#1 C:\Users\Lenovo\Desktop\kejari-purwokerto\vendor\codeigniter4\framework\system\CodeIgniter.php(801): App\Controllers\Home->__construct()
#2 C:\Users\Lenovo\Desktop\kejari-purwokerto\vendor\codeigniter4\framework\system\CodeIgniter.php(401): CodeIgniter\CodeIgniter->createController()
#3 C:\Users\Lenovo\Desktop\kejari-purwokerto\vendor\codeigniter4\framework\system\CodeIgniter.php(318): CodeIgniter\CodeIgniter->handleRequest(NULL, Object(Config\Cache), false)
#4 C:\Users\Lenovo\Desktop\kejari-purwokerto\public\index.php(37): CodeIgniter\CodeIgniter->run()
#5 C:\Users\Lenovo\Desktop\kejari-purwokerto\vendor\codeigniter4\framework\system\Commands\Server\rewrite.php(43): require_once('C:\\Users\\Lenovo...')
#6 {main}
CRITICAL - 2022-04-28 03:24:07 --> Trying to access array offset on value of type null
#0 C:\Users\Lenovo\Desktop\kejari-purwokerto\app\Controllers\Home.php(79): CodeIgniter\Debug\Exceptions->errorHandler(2, 'Trying to acces...', 'C:\\Users\\Lenovo...', 79)
#1 C:\Users\Lenovo\Desktop\kejari-purwokerto\vendor\codeigniter4\framework\system\CodeIgniter.php(801): App\Controllers\Home->__construct()
#2 C:\Users\Lenovo\Desktop\kejari-purwokerto\vendor\codeigniter4\framework\system\CodeIgniter.php(401): CodeIgniter\CodeIgniter->createController()
#3 C:\Users\Lenovo\Desktop\kejari-purwokerto\vendor\codeigniter4\framework\system\CodeIgniter.php(318): CodeIgniter\CodeIgniter->handleRequest(NULL, Object(Config\Cache), false)
#4 C:\Users\Lenovo\Desktop\kejari-purwokerto\public\index.php(37): CodeIgniter\CodeIgniter->run()
#5 C:\Users\Lenovo\Desktop\kejari-purwokerto\vendor\codeigniter4\framework\system\Commands\Server\rewrite.php(43): require_once('C:\\Users\\Lenovo...')
#6 {main}
CRITICAL - 2022-04-28 03:25:33 --> Undefined variable $header
#0 C:\Users\Lenovo\Desktop\kejari-purwokerto\app\Controllers\Home.php(87): CodeIgniter\Debug\Exceptions->errorHandler(2, 'Undefined varia...', 'C:\\Users\\Lenovo...', 87)
#1 C:\Users\Lenovo\Desktop\kejari-purwokerto\vendor\codeigniter4\framework\system\CodeIgniter.php(824): App\Controllers\Home->index()
#2 C:\Users\Lenovo\Desktop\kejari-purwokerto\vendor\codeigniter4\framework\system\CodeIgniter.php(410): CodeIgniter\CodeIgniter->runController(Object(App\Controllers\Home))
#3 C:\Users\Lenovo\Desktop\kejari-purwokerto\vendor\codeigniter4\framework\system\CodeIgniter.php(318): CodeIgniter\CodeIgniter->handleRequest(NULL, Object(Config\Cache), false)
#4 C:\Users\Lenovo\Desktop\kejari-purwokerto\public\index.php(37): CodeIgniter\CodeIgniter->run()
#5 C:\Users\Lenovo\Desktop\kejari-purwokerto\vendor\codeigniter4\framework\system\Commands\Server\rewrite.php(43): require_once('C:\\Users\\Lenovo...')
#6 {main}
CRITICAL - 2022-04-28 03:31:24 --> unlink(navbar/bgnav.png
): No such file or directory
#0 [internal function]: CodeIgniter\Debug\Exceptions->errorHandler(2, 'unlink(navbar/b...', 'C:\\Users\\Lenovo...', 236)
#1 C:\Users\Lenovo\Desktop\kejari-purwokerto\app\Controllers\Menu.php(236): unlink('navbar/bgnav.pn...')
#2 C:\Users\Lenovo\Desktop\kejari-purwokerto\vendor\codeigniter4\framework\system\CodeIgniter.php(824): App\Controllers\Menu->edit_header()
#3 C:\Users\Lenovo\Desktop\kejari-purwokerto\vendor\codeigniter4\framework\system\CodeIgniter.php(410): CodeIgniter\CodeIgniter->runController(Object(App\Controllers\Menu))
#4 C:\Users\Lenovo\Desktop\kejari-purwokerto\vendor\codeigniter4\framework\system\CodeIgniter.php(318): CodeIgniter\CodeIgniter->handleRequest(NULL, Object(Config\Cache), false)
#5 C:\Users\Lenovo\Desktop\kejari-purwokerto\public\index.php(37): CodeIgniter\CodeIgniter->run()
#6 C:\Users\Lenovo\Desktop\kejari-purwokerto\vendor\codeigniter4\framework\system\Commands\Server\rewrite.php(43): require_once('C:\\Users\\Lenovo...')
#7 {main}
CRITICAL - 2022-04-28 03:31:41 --> unlink(navbar/bgnav.png
): No such file or directory
#0 [internal function]: CodeIgniter\Debug\Exceptions->errorHandler(2, 'unlink(navbar/b...', 'C:\\Users\\Lenovo...', 236)
#1 C:\Users\Lenovo\Desktop\kejari-purwokerto\app\Controllers\Menu.php(236): unlink('navbar/bgnav.pn...')
#2 C:\Users\Lenovo\Desktop\kejari-purwokerto\vendor\codeigniter4\framework\system\CodeIgniter.php(824): App\Controllers\Menu->edit_header()
#3 C:\Users\Lenovo\Desktop\kejari-purwokerto\vendor\codeigniter4\framework\system\CodeIgniter.php(410): CodeIgniter\CodeIgniter->runController(Object(App\Controllers\Menu))
#4 C:\Users\Lenovo\Desktop\kejari-purwokerto\vendor\codeigniter4\framework\system\CodeIgniter.php(318): CodeIgniter\CodeIgniter->handleRequest(NULL, Object(Config\Cache), false)
#5 C:\Users\Lenovo\Desktop\kejari-purwokerto\public\index.php(37): CodeIgniter\CodeIgniter->run()
#6 C:\Users\Lenovo\Desktop\kejari-purwokerto\vendor\codeigniter4\framework\system\Commands\Server\rewrite.php(43): require_once('C:\\Users\\Lenovo...')
#7 {main}
CRITICAL - 2022-04-28 03:32:42 --> unlink(navbar/bgnav.png
): No such file or directory
#0 [internal function]: CodeIgniter\Debug\Exceptions->errorHandler(2, 'unlink(navbar/b...', 'C:\\Users\\Lenovo...', 236)
#1 C:\Users\Lenovo\Desktop\kejari-purwokerto\app\Controllers\Menu.php(236): unlink('navbar/bgnav.pn...')
#2 C:\Users\Lenovo\Desktop\kejari-purwokerto\vendor\codeigniter4\framework\system\CodeIgniter.php(824): App\Controllers\Menu->edit_header()
#3 C:\Users\Lenovo\Desktop\kejari-purwokerto\vendor\codeigniter4\framework\system\CodeIgniter.php(410): CodeIgniter\CodeIgniter->runController(Object(App\Controllers\Menu))
#4 C:\Users\Lenovo\Desktop\kejari-purwokerto\vendor\codeigniter4\framework\system\CodeIgniter.php(318): CodeIgniter\CodeIgniter->handleRequest(NULL, Object(Config\Cache), false)
#5 C:\Users\Lenovo\Desktop\kejari-purwokerto\public\index.php(37): CodeIgniter\CodeIgniter->run()
#6 C:\Users\Lenovo\Desktop\kejari-purwokerto\vendor\codeigniter4\framework\system\Commands\Server\rewrite.php(43): require_once('C:\\Users\\Lenovo...')
#7 {main}
CRITICAL - 2022-04-28 03:33:54 --> unlink(navbar/bgnav.png
): No such file or directory
#0 [internal function]: CodeIgniter\Debug\Exceptions->errorHandler(2, 'unlink(navbar/b...', 'C:\\Users\\Lenovo...', 236)
#1 C:\Users\Lenovo\Desktop\kejari-purwokerto\app\Controllers\Menu.php(236): unlink('navbar/bgnav.pn...')
#2 C:\Users\Lenovo\Desktop\kejari-purwokerto\vendor\codeigniter4\framework\system\CodeIgniter.php(824): App\Controllers\Menu->edit_header()
#3 C:\Users\Lenovo\Desktop\kejari-purwokerto\vendor\codeigniter4\framework\system\CodeIgniter.php(410): CodeIgniter\CodeIgniter->runController(Object(App\Controllers\Menu))
#4 C:\Users\Lenovo\Desktop\kejari-purwokerto\vendor\codeigniter4\framework\system\CodeIgniter.php(318): CodeIgniter\CodeIgniter->handleRequest(NULL, Object(Config\Cache), false)
#5 C:\Users\Lenovo\Desktop\kejari-purwokerto\public\index.php(37): CodeIgniter\CodeIgniter->run()
#6 C:\Users\Lenovo\Desktop\kejari-purwokerto\vendor\codeigniter4\framework\system\Commands\Server\rewrite.php(43): require_once('C:\\Users\\Lenovo...')
#7 {main}
ERROR - 2022-04-28 03:56:17 --> Column 'id_kategori_profil' in order clause is ambiguous
CRITICAL - 2022-04-28 03:56:17 --> Column 'id_kategori_profil' in order clause is ambiguous
#0 C:\Users\Lenovo\Desktop\kejari-purwokerto\vendor\codeigniter4\framework\system\Database\MySQLi\Connection.php(292): mysqli->query('SELECT *, `kate...', 0)
#1 C:\Users\Lenovo\Desktop\kejari-purwokerto\vendor\codeigniter4\framework\system\Database\BaseConnection.php(670): CodeIgniter\Database\MySQLi\Connection->execute('SELECT *, `kate...')
#2 C:\Users\Lenovo\Desktop\kejari-purwokerto\vendor\codeigniter4\framework\system\Database\BaseConnection.php(598): CodeIgniter\Database\BaseConnection->simpleQuery('SELECT *, `kate...')
#3 C:\Users\Lenovo\Desktop\kejari-purwokerto\vendor\codeigniter4\framework\system\Database\BaseBuilder.php(1443): CodeIgniter\Database\BaseConnection->query('SELECT *, `kate...', Array, false)
#4 C:\Users\Lenovo\Desktop\kejari-purwokerto\app\Models\kategori_profilModel.php(63): CodeIgniter\Database\BaseBuilder->get()
#5 C:\Users\Lenovo\Desktop\kejari-purwokerto\app\Controllers\Home.php(71): App\Models\kategori_profilModel->get_kategori_profil()
#6 C:\Users\Lenovo\Desktop\kejari-purwokerto\vendor\codeigniter4\framework\system\CodeIgniter.php(801): App\Controllers\Home->__construct()
#7 C:\Users\Lenovo\Desktop\kejari-purwokerto\vendor\codeigniter4\framework\system\CodeIgniter.php(401): CodeIgniter\CodeIgniter->createController()
#8 C:\Users\Lenovo\Desktop\kejari-purwokerto\vendor\codeigniter4\framework\system\CodeIgniter.php(318): CodeIgniter\CodeIgniter->handleRequest(NULL, Object(Config\Cache), false)
#9 C:\Users\Lenovo\Desktop\kejari-purwokerto\public\index.php(37): CodeIgniter\CodeIgniter->run()
#10 C:\Users\Lenovo\Desktop\kejari-purwokerto\vendor\codeigniter4\framework\system\Commands\Server\rewrite.php(43): require_once('C:\\Users\\Lenovo...')
#11 {main}
CRITICAL - 2022-04-28 09:18:29 --> Undefined array key 2
#0 C:\Users\Lenovo\Desktop\kejari-purwokerto\app\Views\visitor\berita.php(40): CodeIgniter\Debug\Exceptions->errorHandler(2, 'Undefined array...', 'C:\\Users\\Lenovo...', 40)
#1 C:\Users\Lenovo\Desktop\kejari-purwokerto\vendor\codeigniter4\framework\system\View\View.php(214): include('C:\\Users\\Lenovo...')
#2 C:\Users\Lenovo\Desktop\kejari-purwokerto\vendor\codeigniter4\framework\system\View\View.php(217): CodeIgniter\View\View->CodeIgniter\View\{closure}()
#3 C:\Users\Lenovo\Desktop\kejari-purwokerto\vendor\codeigniter4\framework\system\Common.php(1097): CodeIgniter\View\View->render('visitor/berita', Array, true)
#4 C:\Users\Lenovo\Desktop\kejari-purwokerto\app\Controllers\Home.php(311): view('visitor/berita', Array)
#5 C:\Users\Lenovo\Desktop\kejari-purwokerto\vendor\codeigniter4\framework\system\CodeIgniter.php(824): App\Controllers\Home->list_berita()
#6 C:\Users\Lenovo\Desktop\kejari-purwokerto\vendor\codeigniter4\framework\system\CodeIgniter.php(410): CodeIgniter\CodeIgniter->runController(Object(App\Controllers\Home))
#7 C:\Users\Lenovo\Desktop\kejari-purwokerto\vendor\codeigniter4\framework\system\CodeIgniter.php(318): CodeIgniter\CodeIgniter->handleRequest(NULL, Object(Config\Cache), false)
#8 C:\Users\Lenovo\Desktop\kejari-purwokerto\public\index.php(37): CodeIgniter\CodeIgniter->run()
#9 C:\Users\Lenovo\Desktop\kejari-purwokerto\vendor\codeigniter4\framework\system\Commands\Server\rewrite.php(43): require_once('C:\\Users\\Lenovo...')
#10 {main}
CRITICAL - 2022-04-28 09:19:00 --> Undefined array key 2
#0 C:\Users\Lenovo\Desktop\kejari-purwokerto\app\Views\visitor\berita.php(40): CodeIgniter\Debug\Exceptions->errorHandler(2, 'Undefined array...', 'C:\\Users\\Lenovo...', 40)
#1 C:\Users\Lenovo\Desktop\kejari-purwokerto\vendor\codeigniter4\framework\system\View\View.php(214): include('C:\\Users\\Lenovo...')
#2 C:\Users\Lenovo\Desktop\kejari-purwokerto\vendor\codeigniter4\framework\system\View\View.php(217): CodeIgniter\View\View->CodeIgniter\View\{closure}()
#3 C:\Users\Lenovo\Desktop\kejari-purwokerto\vendor\codeigniter4\framework\system\Common.php(1097): CodeIgniter\View\View->render('visitor/berita', Array, true)
#4 C:\Users\Lenovo\Desktop\kejari-purwokerto\app\Controllers\Home.php(311): view('visitor/berita', Array)
#5 C:\Users\Lenovo\Desktop\kejari-purwokerto\vendor\codeigniter4\framework\system\CodeIgniter.php(824): App\Controllers\Home->list_berita()
#6 C:\Users\Lenovo\Desktop\kejari-purwokerto\vendor\codeigniter4\framework\system\CodeIgniter.php(410): CodeIgniter\CodeIgniter->runController(Object(App\Controllers\Home))
#7 C:\Users\Lenovo\Desktop\kejari-purwokerto\vendor\codeigniter4\framework\system\CodeIgniter.php(318): CodeIgniter\CodeIgniter->handleRequest(NULL, Object(Config\Cache), false)
#8 C:\Users\Lenovo\Desktop\kejari-purwokerto\public\index.php(37): CodeIgniter\CodeIgniter->run()
#9 C:\Users\Lenovo\Desktop\kejari-purwokerto\vendor\codeigniter4\framework\system\Commands\Server\rewrite.php(43): require_once('C:\\Users\\Lenovo...')
#10 {main}
CRITICAL - 2022-04-28 09:22:21 --> Undefined array key 2
#0 C:\Users\Lenovo\Desktop\kejari-purwokerto\app\Views\visitor\berita.php(41): CodeIgniter\Debug\Exceptions->errorHandler(2, 'Undefined array...', 'C:\\Users\\Lenovo...', 41)
#1 C:\Users\Lenovo\Desktop\kejari-purwokerto\vendor\codeigniter4\framework\system\View\View.php(214): include('C:\\Users\\Lenovo...')
#2 C:\Users\Lenovo\Desktop\kejari-purwokerto\vendor\codeigniter4\framework\system\View\View.php(217): CodeIgniter\View\View->CodeIgniter\View\{closure}()
#3 C:\Users\Lenovo\Desktop\kejari-purwokerto\vendor\codeigniter4\framework\system\Common.php(1097): CodeIgniter\View\View->render('visitor/berita', Array, true)
#4 C:\Users\Lenovo\Desktop\kejari-purwokerto\app\Controllers\Home.php(311): view('visitor/berita', Array)
#5 C:\Users\Lenovo\Desktop\kejari-purwokerto\vendor\codeigniter4\framework\system\CodeIgniter.php(824): App\Controllers\Home->list_berita()
#6 C:\Users\Lenovo\Desktop\kejari-purwokerto\vendor\codeigniter4\framework\system\CodeIgniter.php(410): CodeIgniter\CodeIgniter->runController(Object(App\Controllers\Home))
#7 C:\Users\Lenovo\Desktop\kejari-purwokerto\vendor\codeigniter4\framework\system\CodeIgniter.php(318): CodeIgniter\CodeIgniter->handleRequest(NULL, Object(Config\Cache), false)
#8 C:\Users\Lenovo\Desktop\kejari-purwokerto\public\index.php(37): CodeIgniter\CodeIgniter->run()
#9 C:\Users\Lenovo\Desktop\kejari-purwokerto\vendor\codeigniter4\framework\system\Commands\Server\rewrite.php(43): require_once('C:\\Users\\Lenovo...')
#10 {main}
CRITICAL - 2022-04-28 09:22:54 --> Undefined array key 2
#0 C:\Users\Lenovo\Desktop\kejari-purwokerto\app\Views\visitor\berita.php(43): CodeIgniter\Debug\Exceptions->errorHandler(2, 'Undefined array...', 'C:\\Users\\Lenovo...', 43)
#1 C:\Users\Lenovo\Desktop\kejari-purwokerto\vendor\codeigniter4\framework\system\View\View.php(214): include('C:\\Users\\Lenovo...')
#2 C:\Users\Lenovo\Desktop\kejari-purwokerto\vendor\codeigniter4\framework\system\View\View.php(217): CodeIgniter\View\View->CodeIgniter\View\{closure}()
#3 C:\Users\Lenovo\Desktop\kejari-purwokerto\vendor\codeigniter4\framework\system\Common.php(1097): CodeIgniter\View\View->render('visitor/berita', Array, true)
#4 C:\Users\Lenovo\Desktop\kejari-purwokerto\app\Controllers\Home.php(311): view('visitor/berita', Array)
#5 C:\Users\Lenovo\Desktop\kejari-purwokerto\vendor\codeigniter4\framework\system\CodeIgniter.php(824): App\Controllers\Home->list_berita()
#6 C:\Users\Lenovo\Desktop\kejari-purwokerto\vendor\codeigniter4\framework\system\CodeIgniter.php(410): CodeIgniter\CodeIgniter->runController(Object(App\Controllers\Home))
#7 C:\Users\Lenovo\Desktop\kejari-purwokerto\vendor\codeigniter4\framework\system\CodeIgniter.php(318): CodeIgniter\CodeIgniter->handleRequest(NULL, Object(Config\Cache), false)
#8 C:\Users\Lenovo\Desktop\kejari-purwokerto\public\index.php(37): CodeIgniter\CodeIgniter->run()
#9 C:\Users\Lenovo\Desktop\kejari-purwokerto\vendor\codeigniter4\framework\system\Commands\Server\rewrite.php(43): require_once('C:\\Users\\Lenovo...')
#10 {main}
CRITICAL - 2022-04-28 09:23:46 --> Undefined array key 2
#0 C:\Users\Lenovo\Desktop\kejari-purwokerto\app\Views\visitor\berita.php(41): CodeIgniter\Debug\Exceptions->errorHandler(2, 'Undefined array...', 'C:\\Users\\Lenovo...', 41)
#1 C:\Users\Lenovo\Desktop\kejari-purwokerto\vendor\codeigniter4\framework\system\View\View.php(214): include('C:\\Users\\Lenovo...')
#2 C:\Users\Lenovo\Desktop\kejari-purwokerto\vendor\codeigniter4\framework\system\View\View.php(217): CodeIgniter\View\View->CodeIgniter\View\{closure}()
#3 C:\Users\Lenovo\Desktop\kejari-purwokerto\vendor\codeigniter4\framework\system\Common.php(1097): CodeIgniter\View\View->render('visitor/berita', Array, true)
#4 C:\Users\Lenovo\Desktop\kejari-purwokerto\app\Controllers\Home.php(311): view('visitor/berita', Array)
#5 C:\Users\Lenovo\Desktop\kejari-purwokerto\vendor\codeigniter4\framework\system\CodeIgniter.php(824): App\Controllers\Home->list_berita()
#6 C:\Users\Lenovo\Desktop\kejari-purwokerto\vendor\codeigniter4\framework\system\CodeIgniter.php(410): CodeIgniter\CodeIgniter->runController(Object(App\Controllers\Home))
#7 C:\Users\Lenovo\Desktop\kejari-purwokerto\vendor\codeigniter4\framework\system\CodeIgniter.php(318): CodeIgniter\CodeIgniter->handleRequest(NULL, Object(Config\Cache), false)
#8 C:\Users\Lenovo\Desktop\kejari-purwokerto\public\index.php(37): CodeIgniter\CodeIgniter->run()
#9 C:\Users\Lenovo\Desktop\kejari-purwokerto\vendor\codeigniter4\framework\system\Commands\Server\rewrite.php(43): require_once('C:\\Users\\Lenovo...')
#10 {main}
CRITICAL - 2022-04-28 09:35:31 --> syntax error, unexpected token "(", expecting ":"
#0 C:\Users\Lenovo\Desktop\kejari-purwokerto\vendor\codeigniter4\framework\system\View\View.php(217): CodeIgniter\View\View->CodeIgniter\View\{closure}()
#1 C:\Users\Lenovo\Desktop\kejari-purwokerto\vendor\codeigniter4\framework\system\Common.php(1097): CodeIgniter\View\View->render('visitor/berita', Array, true)
#2 C:\Users\Lenovo\Desktop\kejari-purwokerto\app\Controllers\Home.php(311): view('visitor/berita', Array)
#3 C:\Users\Lenovo\Desktop\kejari-purwokerto\vendor\codeigniter4\framework\system\CodeIgniter.php(824): App\Controllers\Home->list_berita()
#4 C:\Users\Lenovo\Desktop\kejari-purwokerto\vendor\codeigniter4\framework\system\CodeIgniter.php(410): CodeIgniter\CodeIgniter->runController(Object(App\Controllers\Home))
#5 C:\Users\Lenovo\Desktop\kejari-purwokerto\vendor\codeigniter4\framework\system\CodeIgniter.php(318): CodeIgniter\CodeIgniter->handleRequest(NULL, Object(Config\Cache), false)
#6 C:\Users\Lenovo\Desktop\kejari-purwokerto\public\index.php(37): CodeIgniter\CodeIgniter->run()
#7 C:\Users\Lenovo\Desktop\kejari-purwokerto\vendor\codeigniter4\framework\system\Commands\Server\rewrite.php(43): require_once('C:\\Users\\Lenovo...')
#8 {main}
CRITICAL - 2022-04-28 09:35:38 --> syntax error, unexpected token "(", expecting ":"
#0 C:\Users\Lenovo\Desktop\kejari-purwokerto\vendor\codeigniter4\framework\system\View\View.php(217): CodeIgniter\View\View->CodeIgniter\View\{closure}()
#1 C:\Users\Lenovo\Desktop\kejari-purwokerto\vendor\codeigniter4\framework\system\Common.php(1097): CodeIgniter\View\View->render('visitor/berita', Array, true)
#2 C:\Users\Lenovo\Desktop\kejari-purwokerto\app\Controllers\Home.php(311): view('visitor/berita', Array)
#3 C:\Users\Lenovo\Desktop\kejari-purwokerto\vendor\codeigniter4\framework\system\CodeIgniter.php(824): App\Controllers\Home->list_berita()
#4 C:\Users\Lenovo\Desktop\kejari-purwokerto\vendor\codeigniter4\framework\system\CodeIgniter.php(410): CodeIgniter\CodeIgniter->runController(Object(App\Controllers\Home))
#5 C:\Users\Lenovo\Desktop\kejari-purwokerto\vendor\codeigniter4\framework\system\CodeIgniter.php(318): CodeIgniter\CodeIgniter->handleRequest(NULL, Object(Config\Cache), false)
#6 C:\Users\Lenovo\Desktop\kejari-purwokerto\public\index.php(37): CodeIgniter\CodeIgniter->run()
#7 C:\Users\Lenovo\Desktop\kejari-purwokerto\vendor\codeigniter4\framework\system\Commands\Server\rewrite.php(43): require_once('C:\\Users\\Lenovo...')
#8 {main}
CRITICAL - 2022-04-28 10:39:42 --> Undefined array key 3
#0 C:\Users\Lenovo\Desktop\kejari-purwokerto\app\Views\visitor\informasi\berita.php(56): CodeIgniter\Debug\Exceptions->errorHandler(2, 'Undefined array...', 'C:\\Users\\Lenovo...', 56)
#1 C:\Users\Lenovo\Desktop\kejari-purwokerto\vendor\codeigniter4\framework\system\View\View.php(214): include('C:\\Users\\Lenovo...')
#2 C:\Users\Lenovo\Desktop\kejari-purwokerto\vendor\codeigniter4\framework\system\View\View.php(217): CodeIgniter\View\View->CodeIgniter\View\{closure}()
#3 C:\Users\Lenovo\Desktop\kejari-purwokerto\vendor\codeigniter4\framework\system\Common.php(1097): CodeIgniter\View\View->render('visitor/informa...', Array, true)
#4 C:\Users\Lenovo\Desktop\kejari-purwokerto\app\Controllers\Home.php(311): view('visitor/informa...', Array)
#5 C:\Users\Lenovo\Desktop\kejari-purwokerto\vendor\codeigniter4\framework\system\CodeIgniter.php(824): App\Controllers\Home->list_berita()
#6 C:\Users\Lenovo\Desktop\kejari-purwokerto\vendor\codeigniter4\framework\system\CodeIgniter.php(410): CodeIgniter\CodeIgniter->runController(Object(App\Controllers\Home))
#7 C:\Users\Lenovo\Desktop\kejari-purwokerto\vendor\codeigniter4\framework\system\CodeIgniter.php(318): CodeIgniter\CodeIgniter->handleRequest(NULL, Object(Config\Cache), false)
#8 C:\Users\Lenovo\Desktop\kejari-purwokerto\public\index.php(37): CodeIgniter\CodeIgniter->run()
#9 C:\Users\Lenovo\Desktop\kejari-purwokerto\vendor\codeigniter4\framework\system\Commands\Server\rewrite.php(43): require_once('C:\\Users\\Lenovo...')
#10 {main}
CRITICAL - 2022-04-28 10:40:55 --> Undefined array key 3
#0 C:\Users\Lenovo\Desktop\kejari-purwokerto\app\Views\visitor\informasi\berita.php(69): CodeIgniter\Debug\Exceptions->errorHandler(2, 'Undefined array...', 'C:\\Users\\Lenovo...', 69)
#1 C:\Users\Lenovo\Desktop\kejari-purwokerto\vendor\codeigniter4\framework\system\View\View.php(214): include('C:\\Users\\Lenovo...')
#2 C:\Users\Lenovo\Desktop\kejari-purwokerto\vendor\codeigniter4\framework\system\View\View.php(217): CodeIgniter\View\View->CodeIgniter\View\{closure}()
#3 C:\Users\Lenovo\Desktop\kejari-purwokerto\vendor\codeigniter4\framework\system\Common.php(1097): CodeIgniter\View\View->render('visitor/informa...', Array, true)
#4 C:\Users\Lenovo\Desktop\kejari-purwokerto\app\Controllers\Home.php(311): view('visitor/informa...', Array)
#5 C:\Users\Lenovo\Desktop\kejari-purwokerto\vendor\codeigniter4\framework\system\CodeIgniter.php(824): App\Controllers\Home->list_berita()
#6 C:\Users\Lenovo\Desktop\kejari-purwokerto\vendor\codeigniter4\framework\system\CodeIgniter.php(410): CodeIgniter\CodeIgniter->runController(Object(App\Controllers\Home))
#7 C:\Users\Lenovo\Desktop\kejari-purwokerto\vendor\codeigniter4\framework\system\CodeIgniter.php(318): CodeIgniter\CodeIgniter->handleRequest(NULL, Object(Config\Cache), false)
#8 C:\Users\Lenovo\Desktop\kejari-purwokerto\public\index.php(37): CodeIgniter\CodeIgniter->run()
#9 C:\Users\Lenovo\Desktop\kejari-purwokerto\vendor\codeigniter4\framework\system\Commands\Server\rewrite.php(43): require_once('C:\\Users\\Lenovo...')
#10 {main}
CRITICAL - 2022-04-28 10:52:58 --> Undefined variable $header
#0 C:\Users\Lenovo\Desktop\kejari-purwokerto\app\Controllers\Home.php(72): CodeIgniter\Debug\Exceptions->errorHandler(2, 'Undefined varia...', 'C:\\Users\\Lenovo...', 72)
#1 C:\Users\Lenovo\Desktop\kejari-purwokerto\vendor\codeigniter4\framework\system\CodeIgniter.php(801): App\Controllers\Home->__construct()
#2 C:\Users\Lenovo\Desktop\kejari-purwokerto\vendor\codeigniter4\framework\system\CodeIgniter.php(401): CodeIgniter\CodeIgniter->createController()
#3 C:\Users\Lenovo\Desktop\kejari-purwokerto\vendor\codeigniter4\framework\system\CodeIgniter.php(318): CodeIgniter\CodeIgniter->handleRequest(NULL, Object(Config\Cache), false)
#4 C:\Users\Lenovo\Desktop\kejari-purwokerto\public\index.php(37): CodeIgniter\CodeIgniter->run()
#5 C:\Users\Lenovo\Desktop\kejari-purwokerto\vendor\codeigniter4\framework\system\Commands\Server\rewrite.php(43): require_once('C:\\Users\\Lenovo...')
#6 {main}
CRITICAL - 2022-04-28 11:21:43 --> Array to string conversion
#0 C:\Users\Lenovo\Desktop\kejari-purwokerto\app\Views\template\visitor.php(246): CodeIgniter\Debug\Exceptions->errorHandler(2, 'Array to string...', 'C:\\Users\\Lenovo...', 246)
#1 C:\Users\Lenovo\Desktop\kejari-purwokerto\vendor\codeigniter4\framework\system\View\View.php(214): include('C:\\Users\\Lenovo...')
#2 C:\Users\Lenovo\Desktop\kejari-purwokerto\vendor\codeigniter4\framework\system\View\View.php(217): CodeIgniter\View\View->CodeIgniter\View\{closure}()
#3 C:\Users\Lenovo\Desktop\kejari-purwokerto\vendor\codeigniter4\framework\system\View\View.php(230): CodeIgniter\View\View->render('template/visito...', Array, true)
#4 C:\Users\Lenovo\Desktop\kejari-purwokerto\vendor\codeigniter4\framework\system\Common.php(1097): CodeIgniter\View\View->render('visitor/beranda', Array, true)
#5 C:\Users\Lenovo\Desktop\kejari-purwokerto\app\Controllers\Home.php(110): view('visitor/beranda', Array)
#6 C:\Users\Lenovo\Desktop\kejari-purwokerto\vendor\codeigniter4\framework\system\CodeIgniter.php(824): App\Controllers\Home->index()
#7 C:\Users\Lenovo\Desktop\kejari-purwokerto\vendor\codeigniter4\framework\system\CodeIgniter.php(410): CodeIgniter\CodeIgniter->runController(Object(App\Controllers\Home))
#8 C:\Users\Lenovo\Desktop\kejari-purwokerto\vendor\codeigniter4\framework\system\CodeIgniter.php(318): CodeIgniter\CodeIgniter->handleRequest(NULL, Object(Config\Cache), false)
#9 C:\Users\Lenovo\Desktop\kejari-purwokerto\public\index.php(37): CodeIgniter\CodeIgniter->run()
#10 C:\Users\Lenovo\Desktop\kejari-purwokerto\vendor\codeigniter4\framework\system\Commands\Server\rewrite.php(43): require_once('C:\\Users\\Lenovo...')
#11 {main}
