CRITICAL - 2022-04-23 06:35:04 --> Undefined property: App\Controllers\Home::$berira
#0 C:\Users\Lenovo\Desktop\kejari-purwokerto\app\Controllers\Home.php(206): CodeIgniter\Debug\Exceptions->errorHandler(2, 'Undefined prope...', 'C:\\Users\\Lenovo...', 206)
#1 C:\Users\Lenovo\Desktop\kejari-purwokerto\vendor\codeigniter4\framework\system\CodeIgniter.php(824): App\Controllers\Home->berita()
#2 C:\Users\Lenovo\Desktop\kejari-purwokerto\vendor\codeigniter4\framework\system\CodeIgniter.php(410): CodeIgniter\CodeIgniter->runController(Object(App\Controllers\Home))
#3 C:\Users\Lenovo\Desktop\kejari-purwokerto\vendor\codeigniter4\framework\system\CodeIgniter.php(318): CodeIgniter\CodeIgniter->handleRequest(NULL, Object(Config\Cache), false)
#4 C:\Users\Lenovo\Desktop\kejari-purwokerto\public\index.php(37): CodeIgniter\CodeIgniter->run()
#5 C:\Users\Lenovo\Desktop\kejari-purwokerto\vendor\codeigniter4\framework\system\Commands\Server\rewrite.php(43): require_once('C:\\Users\\Lenovo...')
#6 {main}
CRITICAL - 2022-04-23 06:39:22 --> Undefined property: App\Controllers\Home::$berira
#0 C:\Users\Lenovo\Desktop\kejari-purwokerto\app\Controllers\Home.php(206): CodeIgniter\Debug\Exceptions->errorHandler(2, 'Undefined prope...', 'C:\\Users\\Lenovo...', 206)
#1 C:\Users\Lenovo\Desktop\kejari-purwokerto\vendor\codeigniter4\framework\system\CodeIgniter.php(824): App\Controllers\Home->berita()
#2 C:\Users\Lenovo\Desktop\kejari-purwokerto\vendor\codeigniter4\framework\system\CodeIgniter.php(410): CodeIgniter\CodeIgniter->runController(Object(App\Controllers\Home))
#3 C:\Users\Lenovo\Desktop\kejari-purwokerto\vendor\codeigniter4\framework\system\CodeIgniter.php(318): CodeIgniter\CodeIgniter->handleRequest(NULL, Object(Config\Cache), false)
#4 C:\Users\Lenovo\Desktop\kejari-purwokerto\public\index.php(37): CodeIgniter\CodeIgniter->run()
#5 C:\Users\Lenovo\Desktop\kejari-purwokerto\vendor\codeigniter4\framework\system\Commands\Server\rewrite.php(43): require_once('C:\\Users\\Lenovo...')
#6 {main}
CRITICAL - 2022-04-23 23:30:42 --> Undefined property: App\Controllers\Home::$berira
#0 C:\Users\Lenovo\Desktop\kejari-purwokerto\app\Controllers\Home.php(206): CodeIgniter\Debug\Exceptions->errorHandler(2, 'Undefined prope...', 'C:\\Users\\Lenovo...', 206)
#1 C:\Users\Lenovo\Desktop\kejari-purwokerto\vendor\codeigniter4\framework\system\CodeIgniter.php(824): App\Controllers\Home->berita()
#2 C:\Users\Lenovo\Desktop\kejari-purwokerto\vendor\codeigniter4\framework\system\CodeIgniter.php(410): CodeIgniter\CodeIgniter->runController(Object(App\Controllers\Home))
#3 C:\Users\Lenovo\Desktop\kejari-purwokerto\vendor\codeigniter4\framework\system\CodeIgniter.php(318): CodeIgniter\CodeIgniter->handleRequest(NULL, Object(Config\Cache), false)
#4 C:\Users\Lenovo\Desktop\kejari-purwokerto\public\index.php(37): CodeIgniter\CodeIgniter->run()
#5 C:\Users\Lenovo\Desktop\kejari-purwokerto\vendor\codeigniter4\framework\system\Commands\Server\rewrite.php(43): require_once('C:\\Users\\Lenovo...')
#6 {main}
CRITICAL - 2022-04-23 23:30:52 --> Undefined property: App\Controllers\Home::$berira
#0 C:\Users\Lenovo\Desktop\kejari-purwokerto\app\Controllers\Home.php(206): CodeIgniter\Debug\Exceptions->errorHandler(2, 'Undefined prope...', 'C:\\Users\\Lenovo...', 206)
#1 C:\Users\Lenovo\Desktop\kejari-purwokerto\vendor\codeigniter4\framework\system\CodeIgniter.php(824): App\Controllers\Home->berita()
#2 C:\Users\Lenovo\Desktop\kejari-purwokerto\vendor\codeigniter4\framework\system\CodeIgniter.php(410): CodeIgniter\CodeIgniter->runController(Object(App\Controllers\Home))
#3 C:\Users\Lenovo\Desktop\kejari-purwokerto\vendor\codeigniter4\framework\system\CodeIgniter.php(318): CodeIgniter\CodeIgniter->handleRequest(NULL, Object(Config\Cache), false)
#4 C:\Users\Lenovo\Desktop\kejari-purwokerto\public\index.php(37): CodeIgniter\CodeIgniter->run()
#5 C:\Users\Lenovo\Desktop\kejari-purwokerto\vendor\codeigniter4\framework\system\Commands\Server\rewrite.php(43): require_once('C:\\Users\\Lenovo...')
#6 {main}
CRITICAL - 2022-04-23 23:36:25 --> Undefined property: App\Controllers\Home::$berira
#0 C:\Users\Lenovo\Desktop\kejari-purwokerto\app\Controllers\Home.php(207): CodeIgniter\Debug\Exceptions->errorHandler(2, 'Undefined prope...', 'C:\\Users\\Lenovo...', 207)
#1 C:\Users\Lenovo\Desktop\kejari-purwokerto\vendor\codeigniter4\framework\system\CodeIgniter.php(824): App\Controllers\Home->berita()
#2 C:\Users\Lenovo\Desktop\kejari-purwokerto\vendor\codeigniter4\framework\system\CodeIgniter.php(410): CodeIgniter\CodeIgniter->runController(Object(App\Controllers\Home))
#3 C:\Users\Lenovo\Desktop\kejari-purwokerto\vendor\codeigniter4\framework\system\CodeIgniter.php(318): CodeIgniter\CodeIgniter->handleRequest(NULL, Object(Config\Cache), false)
#4 C:\Users\Lenovo\Desktop\kejari-purwokerto\public\index.php(37): CodeIgniter\CodeIgniter->run()
#5 C:\Users\Lenovo\Desktop\kejari-purwokerto\vendor\codeigniter4\framework\system\Commands\Server\rewrite.php(43): require_once('C:\\Users\\Lenovo...')
#6 {main}
CRITICAL - 2022-04-23 23:36:52 --> Undefined property: App\Controllers\Home::$berira
#0 C:\Users\Lenovo\Desktop\kejari-purwokerto\app\Controllers\Home.php(207): CodeIgniter\Debug\Exceptions->errorHandler(2, 'Undefined prope...', 'C:\\Users\\Lenovo...', 207)
#1 C:\Users\Lenovo\Desktop\kejari-purwokerto\vendor\codeigniter4\framework\system\CodeIgniter.php(824): App\Controllers\Home->berita()
#2 C:\Users\Lenovo\Desktop\kejari-purwokerto\vendor\codeigniter4\framework\system\CodeIgniter.php(410): CodeIgniter\CodeIgniter->runController(Object(App\Controllers\Home))
#3 C:\Users\Lenovo\Desktop\kejari-purwokerto\vendor\codeigniter4\framework\system\CodeIgniter.php(318): CodeIgniter\CodeIgniter->handleRequest(NULL, Object(Config\Cache), false)
#4 C:\Users\Lenovo\Desktop\kejari-purwokerto\public\index.php(37): CodeIgniter\CodeIgniter->run()
#5 C:\Users\Lenovo\Desktop\kejari-purwokerto\vendor\codeigniter4\framework\system\Commands\Server\rewrite.php(43): require_once('C:\\Users\\Lenovo...')
#6 {main}
CRITICAL - 2022-04-23 23:37:08 --> Undefined property: App\Controllers\Home::$berira
#0 C:\Users\Lenovo\Desktop\kejari-purwokerto\app\Controllers\Home.php(207): CodeIgniter\Debug\Exceptions->errorHandler(2, 'Undefined prope...', 'C:\\Users\\Lenovo...', 207)
#1 C:\Users\Lenovo\Desktop\kejari-purwokerto\vendor\codeigniter4\framework\system\CodeIgniter.php(824): App\Controllers\Home->berita()
#2 C:\Users\Lenovo\Desktop\kejari-purwokerto\vendor\codeigniter4\framework\system\CodeIgniter.php(410): CodeIgniter\CodeIgniter->runController(Object(App\Controllers\Home))
#3 C:\Users\Lenovo\Desktop\kejari-purwokerto\vendor\codeigniter4\framework\system\CodeIgniter.php(318): CodeIgniter\CodeIgniter->handleRequest(NULL, Object(Config\Cache), false)
#4 C:\Users\Lenovo\Desktop\kejari-purwokerto\public\index.php(37): CodeIgniter\CodeIgniter->run()
#5 C:\Users\Lenovo\Desktop\kejari-purwokerto\vendor\codeigniter4\framework\system\Commands\Server\rewrite.php(43): require_once('C:\\Users\\Lenovo...')
#6 {main}
CRITICAL - 2022-04-23 23:37:22 --> Undefined property: App\Controllers\Home::$berira
#0 C:\Users\Lenovo\Desktop\kejari-purwokerto\app\Controllers\Home.php(207): CodeIgniter\Debug\Exceptions->errorHandler(2, 'Undefined prope...', 'C:\\Users\\Lenovo...', 207)
#1 C:\Users\Lenovo\Desktop\kejari-purwokerto\vendor\codeigniter4\framework\system\CodeIgniter.php(824): App\Controllers\Home->berita()
#2 C:\Users\Lenovo\Desktop\kejari-purwokerto\vendor\codeigniter4\framework\system\CodeIgniter.php(410): CodeIgniter\CodeIgniter->runController(Object(App\Controllers\Home))
#3 C:\Users\Lenovo\Desktop\kejari-purwokerto\vendor\codeigniter4\framework\system\CodeIgniter.php(318): CodeIgniter\CodeIgniter->handleRequest(NULL, Object(Config\Cache), false)
#4 C:\Users\Lenovo\Desktop\kejari-purwokerto\public\index.php(37): CodeIgniter\CodeIgniter->run()
#5 C:\Users\Lenovo\Desktop\kejari-purwokerto\vendor\codeigniter4\framework\system\Commands\Server\rewrite.php(43): require_once('C:\\Users\\Lenovo...')
#6 {main}
CRITICAL - 2022-04-23 23:37:37 --> Undefined property: App\Controllers\Home::$berira
#0 C:\Users\Lenovo\Desktop\kejari-purwokerto\app\Controllers\Home.php(207): CodeIgniter\Debug\Exceptions->errorHandler(2, 'Undefined prope...', 'C:\\Users\\Lenovo...', 207)
#1 C:\Users\Lenovo\Desktop\kejari-purwokerto\vendor\codeigniter4\framework\system\CodeIgniter.php(824): App\Controllers\Home->berita()
#2 C:\Users\Lenovo\Desktop\kejari-purwokerto\vendor\codeigniter4\framework\system\CodeIgniter.php(410): CodeIgniter\CodeIgniter->runController(Object(App\Controllers\Home))
#3 C:\Users\Lenovo\Desktop\kejari-purwokerto\vendor\codeigniter4\framework\system\CodeIgniter.php(318): CodeIgniter\CodeIgniter->handleRequest(NULL, Object(Config\Cache), false)
#4 C:\Users\Lenovo\Desktop\kejari-purwokerto\public\index.php(37): CodeIgniter\CodeIgniter->run()
#5 C:\Users\Lenovo\Desktop\kejari-purwokerto\vendor\codeigniter4\framework\system\Commands\Server\rewrite.php(43): require_once('C:\\Users\\Lenovo...')
#6 {main}
CRITICAL - 2022-04-23 23:37:42 --> Undefined property: App\Controllers\Home::$berira
#0 C:\Users\Lenovo\Desktop\kejari-purwokerto\app\Controllers\Home.php(207): CodeIgniter\Debug\Exceptions->errorHandler(2, 'Undefined prope...', 'C:\\Users\\Lenovo...', 207)
#1 C:\Users\Lenovo\Desktop\kejari-purwokerto\vendor\codeigniter4\framework\system\CodeIgniter.php(824): App\Controllers\Home->berita()
#2 C:\Users\Lenovo\Desktop\kejari-purwokerto\vendor\codeigniter4\framework\system\CodeIgniter.php(410): CodeIgniter\CodeIgniter->runController(Object(App\Controllers\Home))
#3 C:\Users\Lenovo\Desktop\kejari-purwokerto\vendor\codeigniter4\framework\system\CodeIgniter.php(318): CodeIgniter\CodeIgniter->handleRequest(NULL, Object(Config\Cache), false)
#4 C:\Users\Lenovo\Desktop\kejari-purwokerto\public\index.php(37): CodeIgniter\CodeIgniter->run()
#5 C:\Users\Lenovo\Desktop\kejari-purwokerto\vendor\codeigniter4\framework\system\Commands\Server\rewrite.php(43): require_once('C:\\Users\\Lenovo...')
#6 {main}
CRITICAL - 2022-04-23 23:37:51 --> Undefined property: App\Controllers\Home::$berira
#0 C:\Users\Lenovo\Desktop\kejari-purwokerto\app\Controllers\Home.php(207): CodeIgniter\Debug\Exceptions->errorHandler(2, 'Undefined prope...', 'C:\\Users\\Lenovo...', 207)
#1 C:\Users\Lenovo\Desktop\kejari-purwokerto\vendor\codeigniter4\framework\system\CodeIgniter.php(824): App\Controllers\Home->berita()
#2 C:\Users\Lenovo\Desktop\kejari-purwokerto\vendor\codeigniter4\framework\system\CodeIgniter.php(410): CodeIgniter\CodeIgniter->runController(Object(App\Controllers\Home))
#3 C:\Users\Lenovo\Desktop\kejari-purwokerto\vendor\codeigniter4\framework\system\CodeIgniter.php(318): CodeIgniter\CodeIgniter->handleRequest(NULL, Object(Config\Cache), false)
#4 C:\Users\Lenovo\Desktop\kejari-purwokerto\public\index.php(37): CodeIgniter\CodeIgniter->run()
#5 C:\Users\Lenovo\Desktop\kejari-purwokerto\vendor\codeigniter4\framework\system\Commands\Server\rewrite.php(43): require_once('C:\\Users\\Lenovo...')
#6 {main}
CRITICAL - 2022-04-23 23:38:00 --> Undefined property: App\Controllers\Home::$berira
#0 C:\Users\Lenovo\Desktop\kejari-purwokerto\app\Controllers\Home.php(207): CodeIgniter\Debug\Exceptions->errorHandler(2, 'Undefined prope...', 'C:\\Users\\Lenovo...', 207)
#1 C:\Users\Lenovo\Desktop\kejari-purwokerto\vendor\codeigniter4\framework\system\CodeIgniter.php(824): App\Controllers\Home->berita()
#2 C:\Users\Lenovo\Desktop\kejari-purwokerto\vendor\codeigniter4\framework\system\CodeIgniter.php(410): CodeIgniter\CodeIgniter->runController(Object(App\Controllers\Home))
#3 C:\Users\Lenovo\Desktop\kejari-purwokerto\vendor\codeigniter4\framework\system\CodeIgniter.php(318): CodeIgniter\CodeIgniter->handleRequest(NULL, Object(Config\Cache), false)
#4 C:\Users\Lenovo\Desktop\kejari-purwokerto\public\index.php(37): CodeIgniter\CodeIgniter->run()
#5 C:\Users\Lenovo\Desktop\kejari-purwokerto\vendor\codeigniter4\framework\system\Commands\Server\rewrite.php(43): require_once('C:\\Users\\Lenovo...')
#6 {main}
CRITICAL - 2022-04-23 23:38:08 --> Undefined property: App\Controllers\Home::$berira
#0 C:\Users\Lenovo\Desktop\kejari-purwokerto\app\Controllers\Home.php(207): CodeIgniter\Debug\Exceptions->errorHandler(2, 'Undefined prope...', 'C:\\Users\\Lenovo...', 207)
#1 C:\Users\Lenovo\Desktop\kejari-purwokerto\vendor\codeigniter4\framework\system\CodeIgniter.php(824): App\Controllers\Home->berita()
#2 C:\Users\Lenovo\Desktop\kejari-purwokerto\vendor\codeigniter4\framework\system\CodeIgniter.php(410): CodeIgniter\CodeIgniter->runController(Object(App\Controllers\Home))
#3 C:\Users\Lenovo\Desktop\kejari-purwokerto\vendor\codeigniter4\framework\system\CodeIgniter.php(318): CodeIgniter\CodeIgniter->handleRequest(NULL, Object(Config\Cache), false)
#4 C:\Users\Lenovo\Desktop\kejari-purwokerto\public\index.php(37): CodeIgniter\CodeIgniter->run()
#5 C:\Users\Lenovo\Desktop\kejari-purwokerto\vendor\codeigniter4\framework\system\Commands\Server\rewrite.php(43): require_once('C:\\Users\\Lenovo...')
#6 {main}
CRITICAL - 2022-04-23 23:38:17 --> Undefined property: App\Controllers\Home::$berira
#0 C:\Users\Lenovo\Desktop\kejari-purwokerto\app\Controllers\Home.php(207): CodeIgniter\Debug\Exceptions->errorHandler(2, 'Undefined prope...', 'C:\\Users\\Lenovo...', 207)
#1 C:\Users\Lenovo\Desktop\kejari-purwokerto\vendor\codeigniter4\framework\system\CodeIgniter.php(824): App\Controllers\Home->berita()
#2 C:\Users\Lenovo\Desktop\kejari-purwokerto\vendor\codeigniter4\framework\system\CodeIgniter.php(410): CodeIgniter\CodeIgniter->runController(Object(App\Controllers\Home))
#3 C:\Users\Lenovo\Desktop\kejari-purwokerto\vendor\codeigniter4\framework\system\CodeIgniter.php(318): CodeIgniter\CodeIgniter->handleRequest(NULL, Object(Config\Cache), false)
#4 C:\Users\Lenovo\Desktop\kejari-purwokerto\public\index.php(37): CodeIgniter\CodeIgniter->run()
#5 C:\Users\Lenovo\Desktop\kejari-purwokerto\vendor\codeigniter4\framework\system\Commands\Server\rewrite.php(43): require_once('C:\\Users\\Lenovo...')
#6 {main}
CRITICAL - 2022-04-23 23:38:23 --> Undefined property: App\Controllers\Home::$berira
#0 C:\Users\Lenovo\Desktop\kejari-purwokerto\app\Controllers\Home.php(207): CodeIgniter\Debug\Exceptions->errorHandler(2, 'Undefined prope...', 'C:\\Users\\Lenovo...', 207)
#1 C:\Users\Lenovo\Desktop\kejari-purwokerto\vendor\codeigniter4\framework\system\CodeIgniter.php(824): App\Controllers\Home->berita()
#2 C:\Users\Lenovo\Desktop\kejari-purwokerto\vendor\codeigniter4\framework\system\CodeIgniter.php(410): CodeIgniter\CodeIgniter->runController(Object(App\Controllers\Home))
#3 C:\Users\Lenovo\Desktop\kejari-purwokerto\vendor\codeigniter4\framework\system\CodeIgniter.php(318): CodeIgniter\CodeIgniter->handleRequest(NULL, Object(Config\Cache), false)
#4 C:\Users\Lenovo\Desktop\kejari-purwokerto\public\index.php(37): CodeIgniter\CodeIgniter->run()
#5 C:\Users\Lenovo\Desktop\kejari-purwokerto\vendor\codeigniter4\framework\system\Commands\Server\rewrite.php(43): require_once('C:\\Users\\Lenovo...')
#6 {main}
CRITICAL - 2022-04-23 23:39:01 --> Undefined property: App\Controllers\Home::$berira
#0 C:\Users\Lenovo\Desktop\kejari-purwokerto\app\Controllers\Home.php(207): CodeIgniter\Debug\Exceptions->errorHandler(2, 'Undefined prope...', 'C:\\Users\\Lenovo...', 207)
#1 C:\Users\Lenovo\Desktop\kejari-purwokerto\vendor\codeigniter4\framework\system\CodeIgniter.php(824): App\Controllers\Home->berita()
#2 C:\Users\Lenovo\Desktop\kejari-purwokerto\vendor\codeigniter4\framework\system\CodeIgniter.php(410): CodeIgniter\CodeIgniter->runController(Object(App\Controllers\Home))
#3 C:\Users\Lenovo\Desktop\kejari-purwokerto\vendor\codeigniter4\framework\system\CodeIgniter.php(318): CodeIgniter\CodeIgniter->handleRequest(NULL, Object(Config\Cache), false)
#4 C:\Users\Lenovo\Desktop\kejari-purwokerto\public\index.php(37): CodeIgniter\CodeIgniter->run()
#5 C:\Users\Lenovo\Desktop\kejari-purwokerto\vendor\codeigniter4\framework\system\Commands\Server\rewrite.php(43): require_once('C:\\Users\\Lenovo...')
#6 {main}
CRITICAL - 2022-04-23 23:39:53 --> Undefined property: App\Controllers\Home::$berira
#0 C:\Users\Lenovo\Desktop\kejari-purwokerto\app\Controllers\Home.php(207): CodeIgniter\Debug\Exceptions->errorHandler(2, 'Undefined prope...', 'C:\\Users\\Lenovo...', 207)
#1 C:\Users\Lenovo\Desktop\kejari-purwokerto\vendor\codeigniter4\framework\system\CodeIgniter.php(824): App\Controllers\Home->berita()
#2 C:\Users\Lenovo\Desktop\kejari-purwokerto\vendor\codeigniter4\framework\system\CodeIgniter.php(410): CodeIgniter\CodeIgniter->runController(Object(App\Controllers\Home))
#3 C:\Users\Lenovo\Desktop\kejari-purwokerto\vendor\codeigniter4\framework\system\CodeIgniter.php(318): CodeIgniter\CodeIgniter->handleRequest(NULL, Object(Config\Cache), false)
#4 C:\Users\Lenovo\Desktop\kejari-purwokerto\public\index.php(37): CodeIgniter\CodeIgniter->run()
#5 C:\Users\Lenovo\Desktop\kejari-purwokerto\vendor\codeigniter4\framework\system\Commands\Server\rewrite.php(43): require_once('C:\\Users\\Lenovo...')
#6 {main}
CRITICAL - 2022-04-23 23:40:39 --> Undefined property: App\Controllers\Home::$berira
#0 C:\Users\Lenovo\Desktop\kejari-purwokerto\app\Controllers\Home.php(207): CodeIgniter\Debug\Exceptions->errorHandler(2, 'Undefined prope...', 'C:\\Users\\Lenovo...', 207)
#1 C:\Users\Lenovo\Desktop\kejari-purwokerto\vendor\codeigniter4\framework\system\CodeIgniter.php(824): App\Controllers\Home->berita()
#2 C:\Users\Lenovo\Desktop\kejari-purwokerto\vendor\codeigniter4\framework\system\CodeIgniter.php(410): CodeIgniter\CodeIgniter->runController(Object(App\Controllers\Home))
#3 C:\Users\Lenovo\Desktop\kejari-purwokerto\vendor\codeigniter4\framework\system\CodeIgniter.php(318): CodeIgniter\CodeIgniter->handleRequest(NULL, Object(Config\Cache), false)
#4 C:\Users\Lenovo\Desktop\kejari-purwokerto\public\index.php(37): CodeIgniter\CodeIgniter->run()
#5 C:\Users\Lenovo\Desktop\kejari-purwokerto\vendor\codeigniter4\framework\system\Commands\Server\rewrite.php(43): require_once('C:\\Users\\Lenovo...')
#6 {main}
CRITICAL - 2022-04-23 23:41:48 --> Undefined property: App\Controllers\Home::$berira
#0 C:\Users\Lenovo\Desktop\kejari-purwokerto\app\Controllers\Home.php(207): CodeIgniter\Debug\Exceptions->errorHandler(2, 'Undefined prope...', 'C:\\Users\\Lenovo...', 207)
#1 C:\Users\Lenovo\Desktop\kejari-purwokerto\vendor\codeigniter4\framework\system\CodeIgniter.php(824): App\Controllers\Home->berita()
#2 C:\Users\Lenovo\Desktop\kejari-purwokerto\vendor\codeigniter4\framework\system\CodeIgniter.php(410): CodeIgniter\CodeIgniter->runController(Object(App\Controllers\Home))
#3 C:\Users\Lenovo\Desktop\kejari-purwokerto\vendor\codeigniter4\framework\system\CodeIgniter.php(318): CodeIgniter\CodeIgniter->handleRequest(NULL, Object(Config\Cache), false)
#4 C:\Users\Lenovo\Desktop\kejari-purwokerto\public\index.php(37): CodeIgniter\CodeIgniter->run()
#5 C:\Users\Lenovo\Desktop\kejari-purwokerto\vendor\codeigniter4\framework\system\Commands\Server\rewrite.php(43): require_once('C:\\Users\\Lenovo...')
#6 {main}
CRITICAL - 2022-04-23 23:42:31 --> Undefined property: App\Controllers\Home::$berira
#0 C:\Users\Lenovo\Desktop\kejari-purwokerto\app\Controllers\Home.php(207): CodeIgniter\Debug\Exceptions->errorHandler(2, 'Undefined prope...', 'C:\\Users\\Lenovo...', 207)
#1 C:\Users\Lenovo\Desktop\kejari-purwokerto\vendor\codeigniter4\framework\system\CodeIgniter.php(824): App\Controllers\Home->berita()
#2 C:\Users\Lenovo\Desktop\kejari-purwokerto\vendor\codeigniter4\framework\system\CodeIgniter.php(410): CodeIgniter\CodeIgniter->runController(Object(App\Controllers\Home))
#3 C:\Users\Lenovo\Desktop\kejari-purwokerto\vendor\codeigniter4\framework\system\CodeIgniter.php(318): CodeIgniter\CodeIgniter->handleRequest(NULL, Object(Config\Cache), false)
#4 C:\Users\Lenovo\Desktop\kejari-purwokerto\public\index.php(37): CodeIgniter\CodeIgniter->run()
#5 C:\Users\Lenovo\Desktop\kejari-purwokerto\vendor\codeigniter4\framework\system\Commands\Server\rewrite.php(43): require_once('C:\\Users\\Lenovo...')
#6 {main}
CRITICAL - 2022-04-23 23:42:48 --> Undefined property: App\Controllers\Home::$berira
#0 C:\Users\Lenovo\Desktop\kejari-purwokerto\app\Controllers\Home.php(207): CodeIgniter\Debug\Exceptions->errorHandler(2, 'Undefined prope...', 'C:\\Users\\Lenovo...', 207)
#1 C:\Users\Lenovo\Desktop\kejari-purwokerto\vendor\codeigniter4\framework\system\CodeIgniter.php(824): App\Controllers\Home->berita()
#2 C:\Users\Lenovo\Desktop\kejari-purwokerto\vendor\codeigniter4\framework\system\CodeIgniter.php(410): CodeIgniter\CodeIgniter->runController(Object(App\Controllers\Home))
#3 C:\Users\Lenovo\Desktop\kejari-purwokerto\vendor\codeigniter4\framework\system\CodeIgniter.php(318): CodeIgniter\CodeIgniter->handleRequest(NULL, Object(Config\Cache), false)
#4 C:\Users\Lenovo\Desktop\kejari-purwokerto\public\index.php(37): CodeIgniter\CodeIgniter->run()
#5 C:\Users\Lenovo\Desktop\kejari-purwokerto\vendor\codeigniter4\framework\system\Commands\Server\rewrite.php(43): require_once('C:\\Users\\Lenovo...')
#6 {main}
CRITICAL - 2022-04-23 23:42:56 --> Undefined property: App\Controllers\Home::$berira
#0 C:\Users\Lenovo\Desktop\kejari-purwokerto\app\Controllers\Home.php(207): CodeIgniter\Debug\Exceptions->errorHandler(2, 'Undefined prope...', 'C:\\Users\\Lenovo...', 207)
#1 C:\Users\Lenovo\Desktop\kejari-purwokerto\vendor\codeigniter4\framework\system\CodeIgniter.php(824): App\Controllers\Home->berita()
#2 C:\Users\Lenovo\Desktop\kejari-purwokerto\vendor\codeigniter4\framework\system\CodeIgniter.php(410): CodeIgniter\CodeIgniter->runController(Object(App\Controllers\Home))
#3 C:\Users\Lenovo\Desktop\kejari-purwokerto\vendor\codeigniter4\framework\system\CodeIgniter.php(318): CodeIgniter\CodeIgniter->handleRequest(NULL, Object(Config\Cache), false)
#4 C:\Users\Lenovo\Desktop\kejari-purwokerto\public\index.php(37): CodeIgniter\CodeIgniter->run()
#5 C:\Users\Lenovo\Desktop\kejari-purwokerto\vendor\codeigniter4\framework\system\Commands\Server\rewrite.php(43): require_once('C:\\Users\\Lenovo...')
#6 {main}
CRITICAL - 2022-04-23 23:43:05 --> Undefined property: App\Controllers\Home::$berira
#0 C:\Users\Lenovo\Desktop\kejari-purwokerto\app\Controllers\Home.php(207): CodeIgniter\Debug\Exceptions->errorHandler(2, 'Undefined prope...', 'C:\\Users\\Lenovo...', 207)
#1 C:\Users\Lenovo\Desktop\kejari-purwokerto\vendor\codeigniter4\framework\system\CodeIgniter.php(824): App\Controllers\Home->berita()
#2 C:\Users\Lenovo\Desktop\kejari-purwokerto\vendor\codeigniter4\framework\system\CodeIgniter.php(410): CodeIgniter\CodeIgniter->runController(Object(App\Controllers\Home))
#3 C:\Users\Lenovo\Desktop\kejari-purwokerto\vendor\codeigniter4\framework\system\CodeIgniter.php(318): CodeIgniter\CodeIgniter->handleRequest(NULL, Object(Config\Cache), false)
#4 C:\Users\Lenovo\Desktop\kejari-purwokerto\public\index.php(37): CodeIgniter\CodeIgniter->run()
#5 C:\Users\Lenovo\Desktop\kejari-purwokerto\vendor\codeigniter4\framework\system\Commands\Server\rewrite.php(43): require_once('C:\\Users\\Lenovo...')
#6 {main}
CRITICAL - 2022-04-23 23:43:26 --> Undefined property: App\Controllers\Home::$berira
#0 C:\Users\Lenovo\Desktop\kejari-purwokerto\app\Controllers\Home.php(207): CodeIgniter\Debug\Exceptions->errorHandler(2, 'Undefined prope...', 'C:\\Users\\Lenovo...', 207)
#1 C:\Users\Lenovo\Desktop\kejari-purwokerto\vendor\codeigniter4\framework\system\CodeIgniter.php(824): App\Controllers\Home->berita()
#2 C:\Users\Lenovo\Desktop\kejari-purwokerto\vendor\codeigniter4\framework\system\CodeIgniter.php(410): CodeIgniter\CodeIgniter->runController(Object(App\Controllers\Home))
#3 C:\Users\Lenovo\Desktop\kejari-purwokerto\vendor\codeigniter4\framework\system\CodeIgniter.php(318): CodeIgniter\CodeIgniter->handleRequest(NULL, Object(Config\Cache), false)
#4 C:\Users\Lenovo\Desktop\kejari-purwokerto\public\index.php(37): CodeIgniter\CodeIgniter->run()
#5 C:\Users\Lenovo\Desktop\kejari-purwokerto\vendor\codeigniter4\framework\system\Commands\Server\rewrite.php(43): require_once('C:\\Users\\Lenovo...')
#6 {main}
CRITICAL - 2022-04-23 23:43:32 --> Undefined property: App\Controllers\Home::$berira
#0 C:\Users\Lenovo\Desktop\kejari-purwokerto\app\Controllers\Home.php(207): CodeIgniter\Debug\Exceptions->errorHandler(2, 'Undefined prope...', 'C:\\Users\\Lenovo...', 207)
#1 C:\Users\Lenovo\Desktop\kejari-purwokerto\vendor\codeigniter4\framework\system\CodeIgniter.php(824): App\Controllers\Home->berita()
#2 C:\Users\Lenovo\Desktop\kejari-purwokerto\vendor\codeigniter4\framework\system\CodeIgniter.php(410): CodeIgniter\CodeIgniter->runController(Object(App\Controllers\Home))
#3 C:\Users\Lenovo\Desktop\kejari-purwokerto\vendor\codeigniter4\framework\system\CodeIgniter.php(318): CodeIgniter\CodeIgniter->handleRequest(NULL, Object(Config\Cache), false)
#4 C:\Users\Lenovo\Desktop\kejari-purwokerto\public\index.php(37): CodeIgniter\CodeIgniter->run()
#5 C:\Users\Lenovo\Desktop\kejari-purwokerto\vendor\codeigniter4\framework\system\Commands\Server\rewrite.php(43): require_once('C:\\Users\\Lenovo...')
#6 {main}
CRITICAL - 2022-04-23 23:43:41 --> Undefined property: App\Controllers\Home::$berira
#0 C:\Users\Lenovo\Desktop\kejari-purwokerto\app\Controllers\Home.php(207): CodeIgniter\Debug\Exceptions->errorHandler(2, 'Undefined prope...', 'C:\\Users\\Lenovo...', 207)
#1 C:\Users\Lenovo\Desktop\kejari-purwokerto\vendor\codeigniter4\framework\system\CodeIgniter.php(824): App\Controllers\Home->berita()
#2 C:\Users\Lenovo\Desktop\kejari-purwokerto\vendor\codeigniter4\framework\system\CodeIgniter.php(410): CodeIgniter\CodeIgniter->runController(Object(App\Controllers\Home))
#3 C:\Users\Lenovo\Desktop\kejari-purwokerto\vendor\codeigniter4\framework\system\CodeIgniter.php(318): CodeIgniter\CodeIgniter->handleRequest(NULL, Object(Config\Cache), false)
#4 C:\Users\Lenovo\Desktop\kejari-purwokerto\public\index.php(37): CodeIgniter\CodeIgniter->run()
#5 C:\Users\Lenovo\Desktop\kejari-purwokerto\vendor\codeigniter4\framework\system\Commands\Server\rewrite.php(43): require_once('C:\\Users\\Lenovo...')
#6 {main}
CRITICAL - 2022-04-23 23:43:50 --> Undefined property: App\Controllers\Home::$berira
#0 C:\Users\Lenovo\Desktop\kejari-purwokerto\app\Controllers\Home.php(207): CodeIgniter\Debug\Exceptions->errorHandler(2, 'Undefined prope...', 'C:\\Users\\Lenovo...', 207)
#1 C:\Users\Lenovo\Desktop\kejari-purwokerto\vendor\codeigniter4\framework\system\CodeIgniter.php(824): App\Controllers\Home->berita()
#2 C:\Users\Lenovo\Desktop\kejari-purwokerto\vendor\codeigniter4\framework\system\CodeIgniter.php(410): CodeIgniter\CodeIgniter->runController(Object(App\Controllers\Home))
#3 C:\Users\Lenovo\Desktop\kejari-purwokerto\vendor\codeigniter4\framework\system\CodeIgniter.php(318): CodeIgniter\CodeIgniter->handleRequest(NULL, Object(Config\Cache), false)
#4 C:\Users\Lenovo\Desktop\kejari-purwokerto\public\index.php(37): CodeIgniter\CodeIgniter->run()
#5 C:\Users\Lenovo\Desktop\kejari-purwokerto\vendor\codeigniter4\framework\system\Commands\Server\rewrite.php(43): require_once('C:\\Users\\Lenovo...')
#6 {main}
CRITICAL - 2022-04-23 23:43:56 --> Undefined property: App\Controllers\Home::$berira
#0 C:\Users\Lenovo\Desktop\kejari-purwokerto\app\Controllers\Home.php(207): CodeIgniter\Debug\Exceptions->errorHandler(2, 'Undefined prope...', 'C:\\Users\\Lenovo...', 207)
#1 C:\Users\Lenovo\Desktop\kejari-purwokerto\vendor\codeigniter4\framework\system\CodeIgniter.php(824): App\Controllers\Home->berita()
#2 C:\Users\Lenovo\Desktop\kejari-purwokerto\vendor\codeigniter4\framework\system\CodeIgniter.php(410): CodeIgniter\CodeIgniter->runController(Object(App\Controllers\Home))
#3 C:\Users\Lenovo\Desktop\kejari-purwokerto\vendor\codeigniter4\framework\system\CodeIgniter.php(318): CodeIgniter\CodeIgniter->handleRequest(NULL, Object(Config\Cache), false)
#4 C:\Users\Lenovo\Desktop\kejari-purwokerto\public\index.php(37): CodeIgniter\CodeIgniter->run()
#5 C:\Users\Lenovo\Desktop\kejari-purwokerto\vendor\codeigniter4\framework\system\Commands\Server\rewrite.php(43): require_once('C:\\Users\\Lenovo...')
#6 {main}
CRITICAL - 2022-04-23 23:44:03 --> Undefined property: App\Controllers\Home::$berira
#0 C:\Users\Lenovo\Desktop\kejari-purwokerto\app\Controllers\Home.php(207): CodeIgniter\Debug\Exceptions->errorHandler(2, 'Undefined prope...', 'C:\\Users\\Lenovo...', 207)
#1 C:\Users\Lenovo\Desktop\kejari-purwokerto\vendor\codeigniter4\framework\system\CodeIgniter.php(824): App\Controllers\Home->berita()
#2 C:\Users\Lenovo\Desktop\kejari-purwokerto\vendor\codeigniter4\framework\system\CodeIgniter.php(410): CodeIgniter\CodeIgniter->runController(Object(App\Controllers\Home))
#3 C:\Users\Lenovo\Desktop\kejari-purwokerto\vendor\codeigniter4\framework\system\CodeIgniter.php(318): CodeIgniter\CodeIgniter->handleRequest(NULL, Object(Config\Cache), false)
#4 C:\Users\Lenovo\Desktop\kejari-purwokerto\public\index.php(37): CodeIgniter\CodeIgniter->run()
#5 C:\Users\Lenovo\Desktop\kejari-purwokerto\vendor\codeigniter4\framework\system\Commands\Server\rewrite.php(43): require_once('C:\\Users\\Lenovo...')
#6 {main}
CRITICAL - 2022-04-23 23:44:39 --> Undefined property: App\Controllers\Home::$berira
#0 C:\Users\Lenovo\Desktop\kejari-purwokerto\app\Controllers\Home.php(207): CodeIgniter\Debug\Exceptions->errorHandler(2, 'Undefined prope...', 'C:\\Users\\Lenovo...', 207)
#1 C:\Users\Lenovo\Desktop\kejari-purwokerto\vendor\codeigniter4\framework\system\CodeIgniter.php(824): App\Controllers\Home->berita()
#2 C:\Users\Lenovo\Desktop\kejari-purwokerto\vendor\codeigniter4\framework\system\CodeIgniter.php(410): CodeIgniter\CodeIgniter->runController(Object(App\Controllers\Home))
#3 C:\Users\Lenovo\Desktop\kejari-purwokerto\vendor\codeigniter4\framework\system\CodeIgniter.php(318): CodeIgniter\CodeIgniter->handleRequest(NULL, Object(Config\Cache), false)
#4 C:\Users\Lenovo\Desktop\kejari-purwokerto\public\index.php(37): CodeIgniter\CodeIgniter->run()
#5 C:\Users\Lenovo\Desktop\kejari-purwokerto\vendor\codeigniter4\framework\system\Commands\Server\rewrite.php(43): require_once('C:\\Users\\Lenovo...')
#6 {main}
CRITICAL - 2022-04-23 23:44:44 --> Undefined property: App\Controllers\Home::$berira
#0 C:\Users\Lenovo\Desktop\kejari-purwokerto\app\Controllers\Home.php(207): CodeIgniter\Debug\Exceptions->errorHandler(2, 'Undefined prope...', 'C:\\Users\\Lenovo...', 207)
#1 C:\Users\Lenovo\Desktop\kejari-purwokerto\vendor\codeigniter4\framework\system\CodeIgniter.php(824): App\Controllers\Home->berita()
#2 C:\Users\Lenovo\Desktop\kejari-purwokerto\vendor\codeigniter4\framework\system\CodeIgniter.php(410): CodeIgniter\CodeIgniter->runController(Object(App\Controllers\Home))
#3 C:\Users\Lenovo\Desktop\kejari-purwokerto\vendor\codeigniter4\framework\system\CodeIgniter.php(318): CodeIgniter\CodeIgniter->handleRequest(NULL, Object(Config\Cache), false)
#4 C:\Users\Lenovo\Desktop\kejari-purwokerto\public\index.php(37): CodeIgniter\CodeIgniter->run()
#5 C:\Users\Lenovo\Desktop\kejari-purwokerto\vendor\codeigniter4\framework\system\Commands\Server\rewrite.php(43): require_once('C:\\Users\\Lenovo...')
#6 {main}
CRITICAL - 2022-04-23 23:44:52 --> Undefined property: App\Controllers\Home::$berira
#0 C:\Users\Lenovo\Desktop\kejari-purwokerto\app\Controllers\Home.php(207): CodeIgniter\Debug\Exceptions->errorHandler(2, 'Undefined prope...', 'C:\\Users\\Lenovo...', 207)
#1 C:\Users\Lenovo\Desktop\kejari-purwokerto\vendor\codeigniter4\framework\system\CodeIgniter.php(824): App\Controllers\Home->berita()
#2 C:\Users\Lenovo\Desktop\kejari-purwokerto\vendor\codeigniter4\framework\system\CodeIgniter.php(410): CodeIgniter\CodeIgniter->runController(Object(App\Controllers\Home))
#3 C:\Users\Lenovo\Desktop\kejari-purwokerto\vendor\codeigniter4\framework\system\CodeIgniter.php(318): CodeIgniter\CodeIgniter->handleRequest(NULL, Object(Config\Cache), false)
#4 C:\Users\Lenovo\Desktop\kejari-purwokerto\public\index.php(37): CodeIgniter\CodeIgniter->run()
#5 C:\Users\Lenovo\Desktop\kejari-purwokerto\vendor\codeigniter4\framework\system\Commands\Server\rewrite.php(43): require_once('C:\\Users\\Lenovo...')
#6 {main}
CRITICAL - 2022-04-23 23:44:58 --> Undefined property: App\Controllers\Home::$berira
#0 C:\Users\Lenovo\Desktop\kejari-purwokerto\app\Controllers\Home.php(207): CodeIgniter\Debug\Exceptions->errorHandler(2, 'Undefined prope...', 'C:\\Users\\Lenovo...', 207)
#1 C:\Users\Lenovo\Desktop\kejari-purwokerto\vendor\codeigniter4\framework\system\CodeIgniter.php(824): App\Controllers\Home->berita()
#2 C:\Users\Lenovo\Desktop\kejari-purwokerto\vendor\codeigniter4\framework\system\CodeIgniter.php(410): CodeIgniter\CodeIgniter->runController(Object(App\Controllers\Home))
#3 C:\Users\Lenovo\Desktop\kejari-purwokerto\vendor\codeigniter4\framework\system\CodeIgniter.php(318): CodeIgniter\CodeIgniter->handleRequest(NULL, Object(Config\Cache), false)
#4 C:\Users\Lenovo\Desktop\kejari-purwokerto\public\index.php(37): CodeIgniter\CodeIgniter->run()
#5 C:\Users\Lenovo\Desktop\kejari-purwokerto\vendor\codeigniter4\framework\system\Commands\Server\rewrite.php(43): require_once('C:\\Users\\Lenovo...')
#6 {main}
CRITICAL - 2022-04-23 23:46:03 --> Undefined property: App\Controllers\Home::$berira
#0 C:\Users\Lenovo\Desktop\kejari-purwokerto\app\Controllers\Home.php(207): CodeIgniter\Debug\Exceptions->errorHandler(2, 'Undefined prope...', 'C:\\Users\\Lenovo...', 207)
#1 C:\Users\Lenovo\Desktop\kejari-purwokerto\vendor\codeigniter4\framework\system\CodeIgniter.php(824): App\Controllers\Home->berita()
#2 C:\Users\Lenovo\Desktop\kejari-purwokerto\vendor\codeigniter4\framework\system\CodeIgniter.php(410): CodeIgniter\CodeIgniter->runController(Object(App\Controllers\Home))
#3 C:\Users\Lenovo\Desktop\kejari-purwokerto\vendor\codeigniter4\framework\system\CodeIgniter.php(318): CodeIgniter\CodeIgniter->handleRequest(NULL, Object(Config\Cache), false)
#4 C:\Users\Lenovo\Desktop\kejari-purwokerto\public\index.php(37): CodeIgniter\CodeIgniter->run()
#5 C:\Users\Lenovo\Desktop\kejari-purwokerto\vendor\codeigniter4\framework\system\Commands\Server\rewrite.php(43): require_once('C:\\Users\\Lenovo...')
#6 {main}
CRITICAL - 2022-04-23 23:46:12 --> Undefined property: App\Controllers\Home::$berira
#0 C:\Users\Lenovo\Desktop\kejari-purwokerto\app\Controllers\Home.php(207): CodeIgniter\Debug\Exceptions->errorHandler(2, 'Undefined prope...', 'C:\\Users\\Lenovo...', 207)
#1 C:\Users\Lenovo\Desktop\kejari-purwokerto\vendor\codeigniter4\framework\system\CodeIgniter.php(824): App\Controllers\Home->berita()
#2 C:\Users\Lenovo\Desktop\kejari-purwokerto\vendor\codeigniter4\framework\system\CodeIgniter.php(410): CodeIgniter\CodeIgniter->runController(Object(App\Controllers\Home))
#3 C:\Users\Lenovo\Desktop\kejari-purwokerto\vendor\codeigniter4\framework\system\CodeIgniter.php(318): CodeIgniter\CodeIgniter->handleRequest(NULL, Object(Config\Cache), false)
#4 C:\Users\Lenovo\Desktop\kejari-purwokerto\public\index.php(37): CodeIgniter\CodeIgniter->run()
#5 C:\Users\Lenovo\Desktop\kejari-purwokerto\vendor\codeigniter4\framework\system\Commands\Server\rewrite.php(43): require_once('C:\\Users\\Lenovo...')
#6 {main}
CRITICAL - 2022-04-23 23:46:16 --> Undefined property: App\Controllers\Home::$berira
#0 C:\Users\Lenovo\Desktop\kejari-purwokerto\app\Controllers\Home.php(207): CodeIgniter\Debug\Exceptions->errorHandler(2, 'Undefined prope...', 'C:\\Users\\Lenovo...', 207)
#1 C:\Users\Lenovo\Desktop\kejari-purwokerto\vendor\codeigniter4\framework\system\CodeIgniter.php(824): App\Controllers\Home->berita()
#2 C:\Users\Lenovo\Desktop\kejari-purwokerto\vendor\codeigniter4\framework\system\CodeIgniter.php(410): CodeIgniter\CodeIgniter->runController(Object(App\Controllers\Home))
#3 C:\Users\Lenovo\Desktop\kejari-purwokerto\vendor\codeigniter4\framework\system\CodeIgniter.php(318): CodeIgniter\CodeIgniter->handleRequest(NULL, Object(Config\Cache), false)
#4 C:\Users\Lenovo\Desktop\kejari-purwokerto\public\index.php(37): CodeIgniter\CodeIgniter->run()
#5 C:\Users\Lenovo\Desktop\kejari-purwokerto\vendor\codeigniter4\framework\system\Commands\Server\rewrite.php(43): require_once('C:\\Users\\Lenovo...')
#6 {main}
CRITICAL - 2022-04-23 23:46:24 --> Undefined property: App\Controllers\Home::$berira
#0 C:\Users\Lenovo\Desktop\kejari-purwokerto\app\Controllers\Home.php(207): CodeIgniter\Debug\Exceptions->errorHandler(2, 'Undefined prope...', 'C:\\Users\\Lenovo...', 207)
#1 C:\Users\Lenovo\Desktop\kejari-purwokerto\vendor\codeigniter4\framework\system\CodeIgniter.php(824): App\Controllers\Home->berita()
#2 C:\Users\Lenovo\Desktop\kejari-purwokerto\vendor\codeigniter4\framework\system\CodeIgniter.php(410): CodeIgniter\CodeIgniter->runController(Object(App\Controllers\Home))
#3 C:\Users\Lenovo\Desktop\kejari-purwokerto\vendor\codeigniter4\framework\system\CodeIgniter.php(318): CodeIgniter\CodeIgniter->handleRequest(NULL, Object(Config\Cache), false)
#4 C:\Users\Lenovo\Desktop\kejari-purwokerto\public\index.php(37): CodeIgniter\CodeIgniter->run()
#5 C:\Users\Lenovo\Desktop\kejari-purwokerto\vendor\codeigniter4\framework\system\Commands\Server\rewrite.php(43): require_once('C:\\Users\\Lenovo...')
#6 {main}
CRITICAL - 2022-04-23 23:46:39 --> Undefined property: App\Controllers\Home::$berira
#0 C:\Users\Lenovo\Desktop\kejari-purwokerto\app\Controllers\Home.php(207): CodeIgniter\Debug\Exceptions->errorHandler(2, 'Undefined prope...', 'C:\\Users\\Lenovo...', 207)
#1 C:\Users\Lenovo\Desktop\kejari-purwokerto\vendor\codeigniter4\framework\system\CodeIgniter.php(824): App\Controllers\Home->berita()
#2 C:\Users\Lenovo\Desktop\kejari-purwokerto\vendor\codeigniter4\framework\system\CodeIgniter.php(410): CodeIgniter\CodeIgniter->runController(Object(App\Controllers\Home))
#3 C:\Users\Lenovo\Desktop\kejari-purwokerto\vendor\codeigniter4\framework\system\CodeIgniter.php(318): CodeIgniter\CodeIgniter->handleRequest(NULL, Object(Config\Cache), false)
#4 C:\Users\Lenovo\Desktop\kejari-purwokerto\public\index.php(37): CodeIgniter\CodeIgniter->run()
#5 C:\Users\Lenovo\Desktop\kejari-purwokerto\vendor\codeigniter4\framework\system\Commands\Server\rewrite.php(43): require_once('C:\\Users\\Lenovo...')
#6 {main}
